"D:/FIAP/TJDR/Content/Mannequin/Character/Mesh/UE4_Mannequin_Skeleton.uasset" 0
"D:/FIAP/TJDR/Content/Mannequin/Character/Mesh/UE4_Mannequin_Skeleton.uexp" 1
"D:/FIAP/TJDR/Content/Mannequin/Animations/ThirdPersonJump_Loop.uasset" 2
"D:/FIAP/TJDR/Content/Mannequin/Animations/ThirdPersonJump_Loop.uexp" 3
"D:/FIAP/TJDR/Content/Mannequin/Animations/ThirdPersonJump_Start.uasset" 4
"D:/FIAP/TJDR/Content/Mannequin/Animations/ThirdPersonJump_Start.uexp" 5
"D:/FIAP/TJDR/Content/Mannequin/Animations/ThirdPerson_Jump.uasset" 6
"D:/FIAP/TJDR/Content/Mannequin/Animations/ThirdPerson_Jump.uexp" 7
"D:/FIAP/TJDR/Content/Mannequin/Animations/ThirdPersonRun.uasset" 8
"D:/FIAP/TJDR/Content/Mannequin/Animations/ThirdPersonRun.uexp" 9
"D:/FIAP/TJDR/Content/Mannequin/Animations/ThirdPersonWalk.uasset" 10
"D:/FIAP/TJDR/Content/Mannequin/Animations/ThirdPersonWalk.uexp" 11
"D:/FIAP/TJDR/Content/Mannequin/Animations/ThirdPersonIdle.uasset" 12
"D:/FIAP/TJDR/Content/Mannequin/Animations/ThirdPersonIdle.uexp" 13
"D:/FIAP/TJDR/Content/Mannequin/Animations/ThirdPerson_IdleRun_2D.uasset" 14
"D:/FIAP/TJDR/Content/Mannequin/Animations/ThirdPerson_IdleRun_2D.uexp" 15
"../../../Engine/Content/EditorBlueprintResources/StandardMacros.uasset" 16
"../../../Engine/Content/EditorBlueprintResources/StandardMacros.uexp" 17
"D:/FIAP/TJDR/Content/Mannequin/Animations/ThirdPerson_AnimBP.uasset" 18
"D:/FIAP/TJDR/Content/Mannequin/Animations/ThirdPerson_AnimBP.uexp" 19
"D:/FIAP/TJDR/Content/Audio/Ambient.uasset" 20
"D:/FIAP/TJDR/Content/Audio/Ambient.uexp" 21
"D:/FIAP/TJDR/Content/Audio/GamePlay.uasset" 22
"D:/FIAP/TJDR/Content/Audio/GamePlay.uexp" 23
"D:/FIAP/TJDR/Content/Audio/SFX.uasset" 24
"D:/FIAP/TJDR/Content/Audio/SFX.uexp" 25
"D:/FIAP/TJDR/Content/Audio/MyMaster.uasset" 26
"D:/FIAP/TJDR/Content/Audio/MyMaster.uexp" 27
"D:/FIAP/TJDR/Content/Audio/Trilha.uasset" 28
"D:/FIAP/TJDR/Content/Audio/Trilha.uexp" 29
"D:/FIAP/TJDR/Content/Audio/MuteMusic.uasset" 30
"D:/FIAP/TJDR/Content/Audio/MuteMusic.uexp" 31
"D:/FIAP/TJDR/Content/Audio/UnMuteMusic.uasset" 32
"D:/FIAP/TJDR/Content/Audio/UnMuteMusic.uexp" 33
"../../../Engine/Plugins/FX/Niagara/Content/Enums/ENiagaraRandomnessMode.uasset" 34
"../../../Engine/Plugins/FX/Niagara/Content/Enums/ENiagaraRandomnessMode.uexp" 35
"../../../Engine/Plugins/FX/Niagara/Content/Enums/ENiagaraRandomnessEvaluation.uasset" 36
"../../../Engine/Plugins/FX/Niagara/Content/Enums/ENiagaraRandomnessEvaluation.uexp" 37
"../../../Engine/Plugins/FX/Niagara/Content/Functions/V2/CalculateRandomRangeInteger.uasset" 38
"../../../Engine/Plugins/FX/Niagara/Content/Functions/V2/CalculateRandomRangeInteger.uexp" 39
"../../../Engine/Plugins/FX/Niagara/Content/Functions/V2/CalculateRandomBool.uasset" 40
"../../../Engine/Plugins/FX/Niagara/Content/Functions/V2/CalculateRandomBool.uexp" 41
"../../../Engine/Plugins/FX/Niagara/Content/Functions/V2/CalculateRandomRangeFloat.uasset" 42
"../../../Engine/Plugins/FX/Niagara/Content/Functions/V2/CalculateRandomRangeFloat.uexp" 43
"../../../Engine/Plugins/FX/Niagara/Content/Functions/V2/CalculateRandomRange.uasset" 44
"../../../Engine/Plugins/FX/Niagara/Content/Functions/V2/CalculateRandomRange.uexp" 45
"../../../Engine/Plugins/FX/Niagara/Content/Enums/ENiagara_ColorInitializationMode.uasset" 46
"../../../Engine/Plugins/FX/Niagara/Content/Enums/ENiagara_ColorInitializationMode.uexp" 47
"../../../Engine/Plugins/FX/Niagara/Content/Enums/ENiagara_LifetimeMode.uasset" 48
"../../../Engine/Plugins/FX/Niagara/Content/Enums/ENiagara_LifetimeMode.uexp" 49
"../../../Engine/Plugins/FX/Niagara/Content/Enums/ENiagara_MassInitializationMode.uasset" 50
"../../../Engine/Plugins/FX/Niagara/Content/Enums/ENiagara_MassInitializationMode.uexp" 51
"../../../Engine/Plugins/FX/Niagara/Content/Enums/ENiagara_PositionInitializationMode.uasset" 52
"../../../Engine/Plugins/FX/Niagara/Content/Enums/ENiagara_PositionInitializationMode.uexp" 53
"../../../Engine/Plugins/FX/Niagara/Content/Enums/ENiagara_SizeScaleMode.uasset" 54
"../../../Engine/Plugins/FX/Niagara/Content/Enums/ENiagara_SizeScaleMode.uexp" 55
"../../../Engine/Plugins/FX/Niagara/Content/Enums/ENiagara_SpriteRotationMode.uasset" 56
"../../../Engine/Plugins/FX/Niagara/Content/Enums/ENiagara_SpriteRotationMode.uexp" 57
"../../../Engine/Plugins/FX/Niagara/Content/Enums/ENiagara_UVFlippingMode.uasset" 58
"../../../Engine/Plugins/FX/Niagara/Content/Enums/ENiagara_UVFlippingMode.uexp" 59
"../../../Engine/Plugins/FX/Niagara/Content/Enums/ENiagaraChannelCorrelation.uasset" 60
"../../../Engine/Plugins/FX/Niagara/Content/Enums/ENiagaraChannelCorrelation.uexp" 61
"../../../Engine/Plugins/FX/Niagara/Content/Enums/ENiagaraCoordinateSpace.uasset" 62
"../../../Engine/Plugins/FX/Niagara/Content/Enums/ENiagaraCoordinateSpace.uexp" 63
"../../../Engine/Plugins/FX/Niagara/Content/Functions/Localspace/SimulationPosition.uasset" 64
"../../../Engine/Plugins/FX/Niagara/Content/Functions/Localspace/SimulationPosition.uexp" 65
"../../../Engine/Plugins/FX/Niagara/Content/Functions/LinearColor/HueShiftLinearColor.uasset" 66
"../../../Engine/Plugins/FX/Niagara/Content/Functions/LinearColor/HueShiftLinearColor.uexp" 67
"../../../Engine/Plugins/FX/Niagara/Content/Functions/Localspace/TransformBase.uasset" 68
"../../../Engine/Plugins/FX/Niagara/Content/Functions/Localspace/TransformBase.uexp" 69
"../../../Engine/Plugins/FX/Niagara/Content/Functions/Localspace/TransformVector.uasset" 70
"../../../Engine/Plugins/FX/Niagara/Content/Functions/Localspace/TransformVector.uexp" 71
"../../../Engine/Plugins/FX/Niagara/Content/Modules/Spawn/Initialization/V2/InitializeParticle.uasset" 72
"../../../Engine/Plugins/FX/Niagara/Content/Modules/Spawn/Initialization/V2/InitializeParticle.uexp" 73
"../../../Engine/Plugins/FX/Niagara/Content/Modules/Update/Forces/Drag.uasset" 74
"../../../Engine/Plugins/FX/Niagara/Content/Modules/Update/Forces/Drag.uexp" 75
"../../../Engine/Plugins/FX/Niagara/Content/Modules/Update/Forces/GravityForce.uasset" 76
"../../../Engine/Plugins/FX/Niagara/Content/Modules/Update/Forces/GravityForce.uexp" 77
"../../../Engine/Plugins/FX/Niagara/Content/Modules/Update/Lifetime/ParticleState.uasset" 78
"../../../Engine/Plugins/FX/Niagara/Content/Modules/Update/Lifetime/ParticleState.uexp" 79
"../../../Engine/Plugins/FX/Niagara/Content/Enums/ENiagara_EmitterStateOptions.uasset" 80
"../../../Engine/Plugins/FX/Niagara/Content/Enums/ENiagara_EmitterStateOptions.uexp" 81
"../../../Engine/Plugins/FX/Niagara/Content/Enums/ENiagara_InfiniteLoopDuration.uasset" 82
"../../../Engine/Plugins/FX/Niagara/Content/Enums/ENiagara_InfiniteLoopDuration.uexp" 83
"../../../Engine/Plugins/FX/Niagara/Content/Enums/ENiagaraEmitterLifeCycleMode.uasset" 84
"../../../Engine/Plugins/FX/Niagara/Content/Enums/ENiagaraEmitterLifeCycleMode.uexp" 85
"../../../Engine/Plugins/FX/Niagara/Content/Enums/ENiagaraEmitterScalabilityMode_Limited.uasset" 86
"../../../Engine/Plugins/FX/Niagara/Content/Enums/ENiagaraEmitterScalabilityMode_Limited.uexp" 87
"../../../Engine/Plugins/FX/Niagara/Content/Enums/ENiagaraExpansionMode.uasset" 88
"../../../Engine/Plugins/FX/Niagara/Content/Enums/ENiagaraExpansionMode.uexp" 89
"../../../Engine/Plugins/FX/Niagara/Content/Enums/ENiagaraInactiveMode.uasset" 90
"../../../Engine/Plugins/FX/Niagara/Content/Enums/ENiagaraInactiveMode.uexp" 91
"../../../Engine/Plugins/FX/Niagara/Content/Functions/System/SystemChangeState.uasset" 92
"../../../Engine/Plugins/FX/Niagara/Content/Functions/System/SystemChangeState.uexp" 93
"../../../Engine/Plugins/FX/Niagara/Content/Enums/ENiagaraSystemInactiveMode.uasset" 94
"../../../Engine/Plugins/FX/Niagara/Content/Enums/ENiagaraSystemInactiveMode.uexp" 95
"../../../Engine/Plugins/FX/Niagara/Content/Modules/System/SystemState.uasset" 96
"../../../Engine/Plugins/FX/Niagara/Content/Modules/System/SystemState.uexp" 97
"../../../Engine/Plugins/FX/Niagara/Content/DefaultAssets/DefaultSpriteMaterial.uasset" 98
"../../../Engine/Plugins/FX/Niagara/Content/DefaultAssets/DefaultSpriteMaterial.uexp" 99
"../../../Engine/Plugins/FX/Niagara/Content/DynamicInputs/UniformRange/V2/RandomRangeFloat.uasset" 100
"../../../Engine/Plugins/FX/Niagara/Content/DynamicInputs/UniformRange/V2/RandomRangeFloat.uexp" 101
"../../../Engine/Plugins/FX/Niagara/Content/Functions/DirectionAndLengthSafe.uasset" 102
"../../../Engine/Plugins/FX/Niagara/Content/Functions/DirectionAndLengthSafe.uexp" 103
"../../../Engine/Plugins/FX/Niagara/Content/Functions/Rotation/FindQuatBetween.uasset" 104
"../../../Engine/Plugins/FX/Niagara/Content/Functions/Rotation/FindQuatBetween.uexp" 105
"../../../Engine/Plugins/FX/Niagara/Content/Functions/SphericalToCartesianCoordinates.uasset" 106
"../../../Engine/Plugins/FX/Niagara/Content/Functions/SphericalToCartesianCoordinates.uexp" 107
"../../../Engine/Plugins/FX/Niagara/Content/Functions/V2/CalculateRandomPointInSphere.uasset" 108
"../../../Engine/Plugins/FX/Niagara/Content/Functions/V2/CalculateRandomPointInSphere.uexp" 109
"../../../Engine/Plugins/FX/Niagara/Content/Enums/ENiagaraSphereDistributionMode.uasset" 110
"../../../Engine/Plugins/FX/Niagara/Content/Enums/ENiagaraSphereDistributionMode.uexp" 111
"../../../Engine/Plugins/FX/Niagara/Content/Functions/Rotation/MultiplyVectorWithQuaternion.uasset" 112
"../../../Engine/Plugins/FX/Niagara/Content/Functions/Rotation/MultiplyVectorWithQuaternion.uexp" 113
"../../../Engine/Plugins/FX/Niagara/Content/Modules/Spawn/Location/V2/SphereLocation.uasset" 114
"../../../Engine/Plugins/FX/Niagara/Content/Modules/Spawn/Location/V2/SphereLocation.uexp" 115
"../../../Engine/Plugins/FX/Niagara/Content/Functions/Math/RemapValueRange.uasset" 116
"../../../Engine/Plugins/FX/Niagara/Content/Functions/Math/RemapValueRange.uexp" 117
"../../../Engine/Plugins/FX/Niagara/Content/Functions/GetRandomInfo.uasset" 118
"../../../Engine/Plugins/FX/Niagara/Content/Functions/GetRandomInfo.uexp" 119
"../../../Engine/Plugins/FX/Niagara/Content/Functions/RandomRangeFloat.uasset" 120
"../../../Engine/Plugins/FX/Niagara/Content/Functions/RandomRangeFloat.uexp" 121
"../../../Engine/Plugins/FX/Niagara/Content/Functions/PolarToCartesianCoordinates.uasset" 122
"../../../Engine/Plugins/FX/Niagara/Content/Functions/PolarToCartesianCoordinates.uexp" 123
"../../../Engine/Plugins/FX/Niagara/Content/Functions/RandomVectorInCone.uasset" 124
"../../../Engine/Plugins/FX/Niagara/Content/Functions/RandomVectorInCone.uexp" 125
"../../../Engine/Plugins/FX/Niagara/Content/Modules/Spawn/Velocity/AddVelocityInCone.uasset" 126
"../../../Engine/Plugins/FX/Niagara/Content/Modules/Spawn/Velocity/AddVelocityInCone.uexp" 127
"../../../Engine/Plugins/FX/Niagara/Content/Modules/Update/Color/Color.uasset" 128
"../../../Engine/Plugins/FX/Niagara/Content/Modules/Update/Color/Color.uexp" 129
"../../../Engine/Plugins/FX/Niagara/Content/Functions/Emitter/EmitterChangeState.uasset" 130
"../../../Engine/Plugins/FX/Niagara/Content/Functions/Emitter/EmitterChangeState.uexp" 131
"../../../Engine/Plugins/FX/Niagara/Content/Enums/ENiagaraExecutionStateManagement.uasset" 132
"../../../Engine/Plugins/FX/Niagara/Content/Enums/ENiagaraExecutionStateManagement.uexp" 133
"../../../Engine/Plugins/FX/Niagara/Content/Modules/Emitter/EmitterState.uasset" 134
"../../../Engine/Plugins/FX/Niagara/Content/Modules/Emitter/EmitterState.uexp" 135
"../../../Engine/Plugins/FX/Niagara/Content/Modules/Emitter/SpawnRate.uasset" 136
"../../../Engine/Plugins/FX/Niagara/Content/Modules/Emitter/SpawnRate.uexp" 137
"../../../Engine/Plugins/FX/Niagara/Content/Modules/Solvers/SolveForcesAndVelocity.uasset" 138
"../../../Engine/Plugins/FX/Niagara/Content/Modules/Solvers/SolveForcesAndVelocity.uexp" 139
"D:/FIAP/TJDR/Content/FX/SistemFX/Font_System.uasset" 140
"D:/FIAP/TJDR/Content/FX/SistemFX/Font_System.uexp" 141
"D:/FIAP/TJDR/Content/Mannequin/Character/Textures/T_UE4Logo_Mask.uasset" 142
"D:/FIAP/TJDR/Content/Mannequin/Character/Textures/T_UE4Logo_Mask.uexp" 143
"D:/FIAP/TJDR/Content/Mannequin/Character/Textures/T_UE4Logo_Mask.ubulk" 144
"D:/FIAP/TJDR/Content/Mannequin/Character/Materials/MaterialLayers/ML_Plastic_Shiny_Beige_LOGO.uasset" 145
"D:/FIAP/TJDR/Content/Mannequin/Character/Materials/MaterialLayers/ML_Plastic_Shiny_Beige_LOGO.uexp" 146
"D:/FIAP/TJDR/Content/Mannequin/Character/Materials/MaterialLayers/T_ML_Aluminum01.uasset" 147
"D:/FIAP/TJDR/Content/Mannequin/Character/Materials/MaterialLayers/T_ML_Aluminum01.uexp" 148
"D:/FIAP/TJDR/Content/Mannequin/Character/Materials/MaterialLayers/T_ML_Aluminum01.ubulk" 149
"D:/FIAP/TJDR/Content/Mannequin/Character/Materials/MaterialLayers/T_ML_Aluminum01_N.uasset" 150
"D:/FIAP/TJDR/Content/Mannequin/Character/Materials/MaterialLayers/T_ML_Aluminum01_N.uexp" 151
"D:/FIAP/TJDR/Content/Mannequin/Character/Materials/MaterialLayers/T_ML_Aluminum01_N.ubulk" 152
"D:/FIAP/TJDR/Content/Mannequin/Character/Materials/MaterialLayers/ML_SoftMetal_UE4.uasset" 153
"D:/FIAP/TJDR/Content/Mannequin/Character/Materials/MaterialLayers/ML_SoftMetal_UE4.uexp" 154
"D:/FIAP/TJDR/Content/Mannequin/Character/Materials/MaterialLayers/T_ML_Rubber_Blue_01_D.uasset" 155
"D:/FIAP/TJDR/Content/Mannequin/Character/Materials/MaterialLayers/T_ML_Rubber_Blue_01_D.uexp" 156
"D:/FIAP/TJDR/Content/Mannequin/Character/Materials/MaterialLayers/T_ML_Rubber_Blue_01_D.ubulk" 157
"D:/FIAP/TJDR/Content/Mannequin/Character/Materials/MaterialLayers/T_ML_Rubber_Blue_01_N.uasset" 158
"D:/FIAP/TJDR/Content/Mannequin/Character/Materials/MaterialLayers/T_ML_Rubber_Blue_01_N.uexp" 159
"D:/FIAP/TJDR/Content/Mannequin/Character/Materials/MaterialLayers/T_ML_Rubber_Blue_01_N.ubulk" 160
"D:/FIAP/TJDR/Content/Mannequin/Character/Textures/T_Male_Mask.uasset" 161
"D:/FIAP/TJDR/Content/Mannequin/Character/Textures/T_Male_Mask.uexp" 162
"D:/FIAP/TJDR/Content/Mannequin/Character/Textures/T_Male_Mask.ubulk" 163
"D:/FIAP/TJDR/Content/Mannequin/Character/Textures/T_Male_N.uasset" 164
"D:/FIAP/TJDR/Content/Mannequin/Character/Textures/T_Male_N.uexp" 165
"D:/FIAP/TJDR/Content/Mannequin/Character/Textures/T_Male_N.ubulk" 166
"../../../Engine/Content/Functions/Engine_MaterialFunctions02/Utility/BlendAngleCorrectedNormals.uasset" 167
"../../../Engine/Content/Functions/Engine_MaterialFunctions02/Utility/BlendAngleCorrectedNormals.uexp" 168
"../../../Engine/Content/Functions/MaterialLayerFunctions/MatLayerBlend_NormalBlend.uasset" 169
"../../../Engine/Content/Functions/MaterialLayerFunctions/MatLayerBlend_NormalBlend.uexp" 170
"../../../Engine/Content/Functions/MaterialLayerFunctions/MatLayerBlend_Simple.uasset" 171
"../../../Engine/Content/Functions/MaterialLayerFunctions/MatLayerBlend_Simple.uexp" 172
"D:/FIAP/TJDR/Content/Mannequin/Character/Materials/MaterialLayers/ML_GlossyBlack_Latex_UE4.uasset" 173
"D:/FIAP/TJDR/Content/Mannequin/Character/Materials/MaterialLayers/ML_GlossyBlack_Latex_UE4.uexp" 174
"D:/FIAP/TJDR/Content/Mannequin/Character/Materials/MaterialLayers/ML_Plastic_Shiny_Beige.uasset" 175
"D:/FIAP/TJDR/Content/Mannequin/Character/Materials/MaterialLayers/ML_Plastic_Shiny_Beige.uexp" 176
"D:/FIAP/TJDR/Content/Mannequin/Character/Materials/M_Male_Body.uasset" 177
"D:/FIAP/TJDR/Content/Mannequin/Character/Materials/M_Male_Body.uexp" 178
"D:/FIAP/TJDR/Content/Mannequin/Character/Textures/T_UE4Logo_N.uasset" 179
"D:/FIAP/TJDR/Content/Mannequin/Character/Textures/T_UE4Logo_N.uexp" 180
"D:/FIAP/TJDR/Content/Mannequin/Character/Textures/T_UE4Logo_N.ubulk" 181
"D:/FIAP/TJDR/Content/Mannequin/Character/Materials/M_UE4Man_ChestLogo.uasset" 182
"D:/FIAP/TJDR/Content/Mannequin/Character/Materials/M_UE4Man_ChestLogo.uexp" 183
"D:/FIAP/TJDR/Content/Mannequin/Character/Mesh/SK_Mannequin_PhysicsAsset.uasset" 184
"D:/FIAP/TJDR/Content/Mannequin/Character/Mesh/SK_Mannequin_PhysicsAsset.uexp" 185
"D:/FIAP/TJDR/Content/Mannequin/Character/Mesh/SK_Mannequin.uasset" 186
"D:/FIAP/TJDR/Content/Mannequin/Character/Mesh/SK_Mannequin.uexp" 187
"D:/FIAP/TJDR/Content/ThirdPersonBP/Blueprints/ThirdPersonCharacter.uasset" 188
"D:/FIAP/TJDR/Content/ThirdPersonBP/Blueprints/ThirdPersonCharacter.uexp" 189
"D:/FIAP/TJDR/Content/ThirdPersonBP/Blueprints/ThirdPersonGameMode.uasset" 190
"D:/FIAP/TJDR/Content/ThirdPersonBP/Blueprints/ThirdPersonGameMode.uexp" 191
"../../../Engine/Content/Animation/DefaultAnimBoneCompressionSettings.uasset" 192
"../../../Engine/Content/Animation/DefaultAnimBoneCompressionSettings.uexp" 193
"../../../Engine/Content/Animation/DefaultAnimCurveCompressionSettings.uasset" 194
"../../../Engine/Content/Animation/DefaultAnimCurveCompressionSettings.uexp" 195
"../../../Engine/Content/EngineMaterials/T_Default_Material_Grid_N.uasset" 196
"../../../Engine/Content/EngineMaterials/T_Default_Material_Grid_N.uexp" 197
"../../../Engine/Content/EngineMaterials/T_Default_Material_Grid_N.ubulk" 198
"../../../Engine/Content/EngineMaterials/T_Default_Material_Grid_M.uasset" 199
"../../../Engine/Content/EngineMaterials/T_Default_Material_Grid_M.uexp" 200
"../../../Engine/Content/EngineMaterials/T_Default_Material_Grid_M.ubulk" 201
"../../../Engine/Content/Functions/Engine_MaterialFunctions01/Opacity/CameraDepthFade.uasset" 202
"../../../Engine/Content/Functions/Engine_MaterialFunctions01/Opacity/CameraDepthFade.uexp" 203
"../../../Engine/Content/EngineMaterials/WorldGridMaterial.uasset" 204
"../../../Engine/Content/EngineMaterials/WorldGridMaterial.uexp" 205
"../../../Engine/Content/ArtTools/RenderToTexture/Meshes/S_1_Unit_Plane.uasset" 206
"../../../Engine/Content/ArtTools/RenderToTexture/Meshes/S_1_Unit_Plane.uexp" 207
"../../../Engine/Content/ArtTools/RenderToTexture/Meshes/S_1_Unit_Plane.ubulk" 208
"../../../Engine/Content/BasicShapes/BasicShapeMaterial.uasset" 209
"../../../Engine/Content/BasicShapes/BasicShapeMaterial.uexp" 210
"../../../Engine/Content/EngineMaterials/DefaultMaterial.uasset" 211
"../../../Engine/Content/EngineMaterials/DefaultMaterial.uexp" 212
"../../../Engine/Content/BasicShapes/Cone.uasset" 213
"../../../Engine/Content/BasicShapes/Cone.uexp" 214
"../../../Engine/Content/BasicShapes/Cone.ubulk" 215
"../../../Engine/Content/BasicShapes/Cube.uasset" 216
"../../../Engine/Content/BasicShapes/Cube.uexp" 217
"../../../Engine/Content/BasicShapes/Cube.ubulk" 218
"../../../Engine/Content/BasicShapes/Sphere.uasset" 219
"../../../Engine/Content/BasicShapes/Sphere.uexp" 220
"../../../Engine/Content/BasicShapes/Sphere.ubulk" 221
"../../../Engine/Content/EditorLandscapeResources/DataLayer.uasset" 222
"../../../Engine/Content/EditorLandscapeResources/DataLayer.uexp" 223
"../../../Engine/Content/EditorLandscapeResources/DefaultAlphaTexture.uasset" 224
"../../../Engine/Content/EditorLandscapeResources/DefaultAlphaTexture.uexp" 225
"../../../Engine/Content/EditorMaterials/MAT_Groups_Toggle.uasset" 226
"../../../Engine/Content/EditorMaterials/MAT_Groups_Toggle.uexp" 227
"../../../Engine/Content/EditorMaterials/MAT_Groups_Visibility.uasset" 228
"../../../Engine/Content/EditorMaterials/MAT_Groups_Visibility.uexp" 229
"../../../Engine/Content/EditorMaterials/PreviewShadowIndicator.uasset" 230
"../../../Engine/Content/EditorMaterials/PreviewShadowIndicator.uexp" 231
"../../../Engine/Content/EditorMaterials/PreviewShadowIndicator.ubulk" 232
"../../../Engine/Content/EditorMaterials/PreviewShadowIndicatorMaterial.uasset" 233
"../../../Engine/Content/EditorMaterials/PreviewShadowIndicatorMaterial.uexp" 234
"../../../Engine/Content/EditorMaterials/MatineeGroups/MAT_ColorTrack.uasset" 235
"../../../Engine/Content/EditorMaterials/MatineeGroups/MAT_ColorTrack.uexp" 236
"../../../Engine/Content/EditorMaterials/MatineeGroups/MAT_Groups_Anim.uasset" 237
"../../../Engine/Content/EditorMaterials/MatineeGroups/MAT_Groups_Anim.uexp" 238
"../../../Engine/Content/EditorMaterials/MatineeGroups/MAT_Groups_AudioMaster.uasset" 239
"../../../Engine/Content/EditorMaterials/MatineeGroups/MAT_Groups_AudioMaster.uexp" 240
"../../../Engine/Content/EditorMaterials/MatineeGroups/MAT_Groups_Director.uasset" 241
"../../../Engine/Content/EditorMaterials/MatineeGroups/MAT_Groups_Director.uexp" 242
"../../../Engine/Content/EditorMaterials/MatineeGroups/MAT_Groups_Event.uasset" 243
"../../../Engine/Content/EditorMaterials/MatineeGroups/MAT_Groups_Event.uexp" 244
"../../../Engine/Content/EditorMaterials/MatineeGroups/MAT_Groups_Fade.uasset" 245
"../../../Engine/Content/EditorMaterials/MatineeGroups/MAT_Groups_Fade.uexp" 246
"../../../Engine/Content/EditorMaterials/MatineeGroups/MAT_Groups_Float.uasset" 247
"../../../Engine/Content/EditorMaterials/MatineeGroups/MAT_Groups_Float.uexp" 248
"../../../Engine/Content/EditorMaterials/MatineeGroups/MAT_Groups_Move.uasset" 249
"../../../Engine/Content/EditorMaterials/MatineeGroups/MAT_Groups_Move.uexp" 250
"../../../Engine/Content/EditorMaterials/MatineeGroups/MAT_Groups_Slomo.uasset" 251
"../../../Engine/Content/EditorMaterials/MatineeGroups/MAT_Groups_Slomo.uexp" 252
"../../../Engine/Content/EditorMaterials/MatineeGroups/MAT_Groups_Sound.uasset" 253
"../../../Engine/Content/EditorMaterials/MatineeGroups/MAT_Groups_Sound.uexp" 254
"../../../Engine/Content/EditorMaterials/MatineeGroups/MAT_Groups_Vector.uasset" 255
"../../../Engine/Content/EditorMaterials/MatineeGroups/MAT_Groups_Vector.uexp" 256
"../../../Engine/Content/EditorMaterials/ParticleSystems/PSysThumbnail_NoImage.uasset" 257
"../../../Engine/Content/EditorMaterials/ParticleSystems/PSysThumbnail_NoImage.uexp" 258
"../../../Engine/Content/EditorMaterials/ParticleSystems/PSysThumbnail_NoImage.ubulk" 259
"../../../Engine/Content/EditorMaterials/ParticleSystems/PSysThumbnail_OOD.uasset" 260
"../../../Engine/Content/EditorMaterials/ParticleSystems/PSysThumbnail_OOD.uexp" 261
"../../../Engine/Content/EditorMaterials/ParticleSystems/PSysThumbnail_OOD.ubulk" 262
"../../../Engine/Content/Functions/Engine_MaterialFunctions02/Utility/MakeFloat4.uasset" 263
"../../../Engine/Content/Functions/Engine_MaterialFunctions02/Utility/MakeFloat4.uexp" 264
"../../../Engine/Content/Functions/Engine_MaterialFunctions02/Utility/MakeFloat3.uasset" 265
"../../../Engine/Content/Functions/Engine_MaterialFunctions02/Utility/MakeFloat3.uexp" 266
"../../../Engine/Content/Functions/Engine_MaterialFunctions02/Utility/BreakOutFloat3Components.uasset" 267
"../../../Engine/Content/Functions/Engine_MaterialFunctions02/Utility/BreakOutFloat3Components.uexp" 268
"../../../Engine/Content/EditorMaterials/WorldPartition/WorldPartitionSpatialHashGridPreviewMaterial.uasset" 269
"../../../Engine/Content/EditorMaterials/WorldPartition/WorldPartitionSpatialHashGridPreviewMaterial.uexp" 270
"../../../Engine/Content/EditorMaterials/Camera/CineMat.uasset" 271
"../../../Engine/Content/EditorMaterials/Camera/CineMat.uexp" 272
"../../../Engine/Content/EditorMaterials/Camera/MI_CineMat_Rig.uasset" 273
"../../../Engine/Content/EditorMaterials/Camera/MI_CineMat_Rig.uexp" 274
"../../../Engine/Content/EditorMeshes/Camera/SM_CraneRig_Arm.uasset" 275
"../../../Engine/Content/EditorMeshes/Camera/SM_CraneRig_Arm.uexp" 276
"../../../Engine/Content/EditorMeshes/Camera/SM_CraneRig_Arm.ubulk" 277
"../../../Engine/Content/EditorMeshes/Camera/SM_CraneRig_Base.uasset" 278
"../../../Engine/Content/EditorMeshes/Camera/SM_CraneRig_Base.uexp" 279
"../../../Engine/Content/EditorMeshes/Camera/SM_CraneRig_Base.ubulk" 280
"../../../Engine/Content/EditorMeshes/Camera/SM_CraneRig_Body.uasset" 281
"../../../Engine/Content/EditorMeshes/Camera/SM_CraneRig_Body.uexp" 282
"../../../Engine/Content/EditorMeshes/Camera/SM_CraneRig_Body.ubulk" 283
"../../../Engine/Content/EditorMeshes/Camera/SM_CraneRig_Mount.uasset" 284
"../../../Engine/Content/EditorMeshes/Camera/SM_CraneRig_Mount.uexp" 285
"../../../Engine/Content/EditorMeshes/Camera/SM_CraneRig_Mount.ubulk" 286
"../../../Engine/Content/EditorMeshes/Camera/SM_RailRig_Mount.uasset" 287
"../../../Engine/Content/EditorMeshes/Camera/SM_RailRig_Mount.uexp" 288
"../../../Engine/Content/EditorMeshes/Camera/SM_RailRig_Mount.ubulk" 289
"../../../Engine/Content/EditorMeshes/Camera/SM_RailRig_Track.uasset" 290
"../../../Engine/Content/EditorMeshes/Camera/SM_RailRig_Track.uexp" 291
"../../../Engine/Content/EditorMeshes/Camera/SM_RailRig_Track.ubulk" 292
"../../../Engine/Content/EditorResources/BSPVertex.uasset" 293
"../../../Engine/Content/EditorResources/BSPVertex.uexp" 294
"../../../Engine/Content/EditorResources/EmptyActor.uasset" 295
"../../../Engine/Content/EditorResources/EmptyActor.uexp" 296
"../../../Engine/Content/EditorResources/S_Actor.uasset" 297
"../../../Engine/Content/EditorResources/S_Actor.uexp" 298
"../../../Engine/Content/EditorResources/S_Actor.ubulk" 299
"../../../Engine/Content/EditorResources/S_BoxReflectionCapture.uasset" 300
"../../../Engine/Content/EditorResources/S_BoxReflectionCapture.uexp" 301
"../../../Engine/Content/EditorResources/S_Note.uasset" 302
"../../../Engine/Content/EditorResources/S_Note.uexp" 303
"../../../Engine/Content/EditorResources/S_Solver.uasset" 304
"../../../Engine/Content/EditorResources/S_Solver.uexp" 305
"../../../Engine/Content/EditorResources/S_Solver.ubulk" 306
"../../../Engine/Content/EditorResources/S_Terrain.uasset" 307
"../../../Engine/Content/EditorResources/S_Terrain.uexp" 308
"../../../Engine/Content/EditorResources/S_Terrain.ubulk" 309
"../../../Engine/Content/EditorResources/S_Trigger.uasset" 310
"../../../Engine/Content/EditorResources/S_Trigger.uexp" 311
"../../../Engine/Content/EditorResources/S_Trigger.ubulk" 312
"../../../Engine/Content/EditorResources/S_TriggerBox.uasset" 313
"../../../Engine/Content/EditorResources/S_TriggerBox.uexp" 314
"../../../Engine/Content/EditorResources/S_TriggerCapsule.uasset" 315
"../../../Engine/Content/EditorResources/S_TriggerCapsule.uexp" 316
"../../../Engine/Content/EditorResources/S_TriggerSphere.uasset" 317
"../../../Engine/Content/EditorResources/S_TriggerSphere.uexp" 318
"../../../Engine/Content/EditorResources/AudioIcons/S_AudioComponent_AutoActivate.uasset" 319
"../../../Engine/Content/EditorResources/AudioIcons/S_AudioComponent_AutoActivate.uexp" 320
"../../../Engine/Content/EditorResources/LightIcons/S_LightError.uasset" 321
"../../../Engine/Content/EditorResources/LightIcons/S_LightError.uexp" 322
"../../../Engine/Content/EditorResources/SequenceRecorder/Countdown.uasset" 323
"../../../Engine/Content/EditorResources/SequenceRecorder/Countdown.uexp" 324
"../../../Engine/Content/EditorResources/SequenceRecorder/RecordingIndicator.uasset" 325
"../../../Engine/Content/EditorResources/SequenceRecorder/RecordingIndicator.uexp" 326
"../../../Engine/Content/EngineDamageTypes/DmgTypeBP_Environmental.uasset" 327
"../../../Engine/Content/EngineDamageTypes/DmgTypeBP_Environmental.uexp" 328
"../../../Engine/Content/EngineDebugMaterials/DebugEditorMaterial.uasset" 329
"../../../Engine/Content/EngineDebugMaterials/DebugEditorMaterial.uexp" 330
"../../../Engine/Content/EngineDebugMaterials/DebugMeshMaterial.uasset" 331
"../../../Engine/Content/EngineDebugMaterials/DebugMeshMaterial.uexp" 332
"../../../Engine/Content/EngineDebugMaterials/M_SimpleUnlitTranslucent.uasset" 333
"../../../Engine/Content/EngineDebugMaterials/M_SimpleUnlitTranslucent.uexp" 334
"../../../Engine/Content/Functions/Engine_MaterialFunctions02/Utility/CameraDirectionVector.uasset" 335
"../../../Engine/Content/Functions/Engine_MaterialFunctions02/Utility/CameraDirectionVector.uexp" 336
"../../../Engine/Content/EngineDebugMaterials/VolumeToRender.uasset" 337
"../../../Engine/Content/EngineDebugMaterials/VolumeToRender.uexp" 338
"../../../Engine/Content/EngineDebugMaterials/M_VolumeRenderSphereTracePP.uasset" 339
"../../../Engine/Content/EngineDebugMaterials/M_VolumeRenderSphereTracePP.uexp" 340
"../../../Engine/Content/Functions/Engine_MaterialFunctions01/Shading/ConvertFromDiffSpec.uasset" 341
"../../../Engine/Content/Functions/Engine_MaterialFunctions01/Shading/ConvertFromDiffSpec.uexp" 342
"../../../Engine/Content/EngineDebugMaterials/VertexColorMaterial.uasset" 343
"../../../Engine/Content/EngineDebugMaterials/VertexColorMaterial.uexp" 344
"../../../Engine/Content/EngineDebugMaterials/WireframeMaterial.uasset" 345
"../../../Engine/Content/EngineDebugMaterials/WireframeMaterial.uexp" 346
"../../../Engine/Content/EngineFonts/Faces/RobotoItalic.uasset" 347
"../../../Engine/Content/EngineFonts/Faces/RobotoItalic.uexp" 348
"../../../Engine/Content/EngineFonts/Faces/RobotoItalic.ufont" 349
"../../../Engine/Content/EngineFonts/Faces/RobotoRegular.uasset" 350
"../../../Engine/Content/EngineFonts/Faces/RobotoRegular.uexp" 351
"../../../Engine/Content/EngineFonts/Faces/RobotoRegular.ufont" 352
"../../../Engine/Content/EngineFonts/Faces/DroidSansFallback.uasset" 353
"../../../Engine/Content/EngineFonts/Faces/DroidSansFallback.uexp" 354
"../../../Engine/Content/EngineFonts/Faces/DroidSansFallback.ufont" 355
"../../../Engine/Content/EngineFonts/Faces/RobotoBoldItalic.uasset" 356
"../../../Engine/Content/EngineFonts/Faces/RobotoBoldItalic.uexp" 357
"../../../Engine/Content/EngineFonts/Faces/RobotoBoldItalic.ufont" 358
"../../../Engine/Content/EngineFonts/Faces/RobotoLight.uasset" 359
"../../../Engine/Content/EngineFonts/Faces/RobotoLight.uexp" 360
"../../../Engine/Content/EngineFonts/Faces/RobotoLight.ufont" 361
"../../../Engine/Content/EngineFonts/Faces/RobotoBold.uasset" 362
"../../../Engine/Content/EngineFonts/Faces/RobotoBold.uexp" 363
"../../../Engine/Content/EngineFonts/Faces/RobotoBold.ufont" 364
"../../../Engine/Content/EngineFonts/Roboto.uasset" 365
"../../../Engine/Content/EngineFonts/Roboto.uexp" 366
"../../../Engine/Content/EngineMaterials/BaseFlattenGrayscaleMap.uasset" 367
"../../../Engine/Content/EngineMaterials/BaseFlattenGrayscaleMap.uexp" 368
"../../../Engine/Content/EngineMaterials/BaseFlattenNormalMap.uasset" 369
"../../../Engine/Content/EngineMaterials/BaseFlattenNormalMap.uexp" 370
"../../../Engine/Content/EngineMaterials/BaseFlattenEmissiveMap.uasset" 371
"../../../Engine/Content/EngineMaterials/BaseFlattenEmissiveMap.uexp" 372
"../../../Engine/Content/EngineMaterials/BaseFlattenDiffuseMap.uasset" 373
"../../../Engine/Content/EngineMaterials/BaseFlattenDiffuseMap.uexp" 374
"../../../Engine/Content/EngineMaterials/BaseFlattenMaterial.uasset" 375
"../../../Engine/Content/EngineMaterials/BaseFlattenMaterial.uexp" 376
"../../../Engine/Content/EngineMaterials/BaseFlattenNormalMap_VT.uasset" 377
"../../../Engine/Content/EngineMaterials/BaseFlattenNormalMap_VT.uexp" 378
"../../../Engine/Content/EngineMaterials/BaseFlattenEmissiveMap_VT.uasset" 379
"../../../Engine/Content/EngineMaterials/BaseFlattenEmissiveMap_VT.uexp" 380
"../../../Engine/Content/EngineMaterials/BaseFlattenGrayscaleMap_VT.uasset" 381
"../../../Engine/Content/EngineMaterials/BaseFlattenGrayscaleMap_VT.uexp" 382
"../../../Engine/Content/EngineMaterials/BaseFlattenDiffuseMap_VT.uasset" 383
"../../../Engine/Content/EngineMaterials/BaseFlattenDiffuseMap_VT.uexp" 384
"../../../Engine/Content/EngineMaterials/BaseFlattenMaterial_VT.uasset" 385
"../../../Engine/Content/EngineMaterials/BaseFlattenMaterial_VT.uexp" 386
"../../../Engine/Content/EngineMaterials/BlueNoise.uasset" 387
"../../../Engine/Content/EngineMaterials/BlueNoise.uexp" 388
"../../../Engine/Content/EngineMaterials/DefaultBloomKernel.uasset" 389
"../../../Engine/Content/EngineMaterials/DefaultBloomKernel.uexp" 390
"../../../Engine/Content/EngineMaterials/DefaultBokeh.uasset" 391
"../../../Engine/Content/EngineMaterials/DefaultBokeh.uexp" 392
"../../../Engine/Content/EngineMaterials/DefaultDiffuse.uasset" 393
"../../../Engine/Content/EngineMaterials/DefaultDiffuse.uexp" 394
"../../../Engine/Content/EngineMaterials/DefaultDiffuse.ubulk" 395
"../../../Engine/Content/EngineMaterials/DefaultDeferredDecalMaterial.uasset" 396
"../../../Engine/Content/EngineMaterials/DefaultDeferredDecalMaterial.uexp" 397
"../../../Engine/Content/EngineMaterials/DefaultLightFunctionMaterial.uasset" 398
"../../../Engine/Content/EngineMaterials/DefaultLightFunctionMaterial.uexp" 399
"../../../Engine/Content/EngineMaterials/DefaultPhysicalMaterial.uasset" 400
"../../../Engine/Content/EngineMaterials/DefaultPhysicalMaterial.uexp" 401
"../../../Engine/Content/Functions/Engine_MaterialFunctions02/Utility/BreakOutFloat2Components.uasset" 402
"../../../Engine/Content/Functions/Engine_MaterialFunctions02/Utility/BreakOutFloat2Components.uexp" 403
"../../../Engine/Content/EngineMaterials/DefaultPostProcessMaterial.uasset" 404
"../../../Engine/Content/EngineMaterials/DefaultPostProcessMaterial.uexp" 405
"../../../Engine/Content/EngineFonts/RobotoDistanceField.uasset" 406
"../../../Engine/Content/EngineFonts/RobotoDistanceField.uexp" 407
"../../../Engine/Content/EngineMaterials/DefaultTextMaterialOpaque.uasset" 408
"../../../Engine/Content/EngineMaterials/DefaultTextMaterialOpaque.uexp" 409
"../../../Engine/Content/EngineMaterials/DefaultWhiteGrid.uasset" 410
"../../../Engine/Content/EngineMaterials/DefaultWhiteGrid.uexp" 411
"../../../Engine/Content/EngineMaterials/DefaultWhiteGrid.ubulk" 412
"../../../Engine/Content/EngineMaterials/DefaultWhiteGrid_Low.uasset" 413
"../../../Engine/Content/EngineMaterials/DefaultWhiteGrid_Low.uexp" 414
"../../../Engine/Content/EngineMaterials/EmissiveMeshMaterial.uasset" 415
"../../../Engine/Content/EngineMaterials/EmissiveMeshMaterial.uexp" 416
"../../../Engine/Content/EngineMaterials/GizmoMaterial.uasset" 417
"../../../Engine/Content/EngineMaterials/GizmoMaterial.uexp" 418
"../../../Engine/Content/EngineMaterials/Good64x64TilingNoiseHighFreq.uasset" 419
"../../../Engine/Content/EngineMaterials/Good64x64TilingNoiseHighFreq.uexp" 420
"../../../Engine/Content/EngineMaterials/MiniFont.uasset" 421
"../../../Engine/Content/EngineMaterials/MiniFont.uexp" 422
"../../../Engine/Content/EngineMaterials/InvalidLightmapSettings.uasset" 423
"../../../Engine/Content/EngineMaterials/InvalidLightmapSettings.uexp" 424
"../../../Engine/Content/EngineMaterials/InvalidLightmapSettings.ubulk" 425
"../../../Engine/Content/EngineMaterials/M_InvalidLightmapSettings.uasset" 426
"../../../Engine/Content/EngineMaterials/M_InvalidLightmapSettings.uexp" 427
"../../../Engine/Content/Functions/Engine_MaterialFunctions02/WorldPositionOffset/CameraOffset.uasset" 428
"../../../Engine/Content/Functions/Engine_MaterialFunctions02/WorldPositionOffset/CameraOffset.uexp" 429
"../../../Engine/Content/EngineMaterials/PhAT_JointLimitMaterial.uasset" 430
"../../../Engine/Content/EngineMaterials/PhAT_JointLimitMaterial.uexp" 431
"../../../Engine/Content/EngineMaterials/PreintegratedSkinBRDF.uasset" 432
"../../../Engine/Content/EngineMaterials/PreintegratedSkinBRDF.uexp" 433
"../../../Engine/Content/EngineMaterials/RemoveSurfaceMaterial.uasset" 434
"../../../Engine/Content/EngineMaterials/RemoveSurfaceMaterial.uexp" 435
"../../../Engine/Content/EngineMaterials/WeightMapPlaceholderTexture.uasset" 436
"../../../Engine/Content/EngineMaterials/WeightMapPlaceholderTexture.uexp" 437
"../../../Engine/Content/EngineResources/WhiteSquareTexture.uasset" 438
"../../../Engine/Content/EngineResources/WhiteSquareTexture.uexp" 439
"../../../Engine/Content/EngineMaterials/Widget3DPassThrough.uasset" 440
"../../../Engine/Content/EngineMaterials/Widget3DPassThrough.uexp" 441
"../../../Engine/Content/EngineMaterials/Widget3DPassThrough_Masked.uasset" 442
"../../../Engine/Content/EngineMaterials/Widget3DPassThrough_Masked.uexp" 443
"../../../Engine/Content/EngineMaterials/Widget3DPassThrough_Opaque.uasset" 444
"../../../Engine/Content/EngineMaterials/Widget3DPassThrough_Opaque.uexp" 445
"../../../Engine/Content/EngineMaterials/Widget3DPassThrough_Masked_OneSided.uasset" 446
"../../../Engine/Content/EngineMaterials/Widget3DPassThrough_Masked_OneSided.uexp" 447
"../../../Engine/Content/EngineMaterials/Widget3DPassThrough_Opaque_OneSided.uasset" 448
"../../../Engine/Content/EngineMaterials/Widget3DPassThrough_Opaque_OneSided.uexp" 449
"../../../Engine/Content/EngineMaterials/Widget3DPassThrough_Translucent.uasset" 450
"../../../Engine/Content/EngineMaterials/Widget3DPassThrough_Translucent.uexp" 451
"../../../Engine/Content/EngineMaterials/Widget3DPassThrough_Translucent_OneSided.uasset" 452
"../../../Engine/Content/EngineMaterials/Widget3DPassThrough_Translucent_OneSided.uexp" 453
"../../../Engine/Content/EngineMeshes/Sphere.uasset" 454
"../../../Engine/Content/EngineMeshes/Sphere.uexp" 455
"../../../Engine/Content/EngineMeshes/Sphere.ubulk" 456
"../../../Engine/Content/EngineResources/Black.uasset" 457
"../../../Engine/Content/EngineResources/Black.uexp" 458
"../../../Engine/Content/EngineResources/DefaultTextureCube.uasset" 459
"../../../Engine/Content/EngineResources/DefaultTextureCube.uexp" 460
"../../../Engine/Content/EngineResources/DefaultVolumeTexture2D.uasset" 461
"../../../Engine/Content/EngineResources/DefaultVolumeTexture2D.uexp" 462
"../../../Engine/Content/EngineResources/DefaultVolumeTexture.uasset" 463
"../../../Engine/Content/EngineResources/DefaultVolumeTexture.uexp" 464
"../../../Engine/Content/EngineResources/GradientTexture0.uasset" 465
"../../../Engine/Content/EngineResources/GradientTexture0.uexp" 466
"../../../Engine/Content/Functions/Engine_MaterialFunctions02/SplitComponents.uasset" 467
"../../../Engine/Content/Functions/Engine_MaterialFunctions02/SplitComponents.uexp" 468
"../../../Engine/Content/MapTemplates/TilingNoise05.uasset" 469
"../../../Engine/Content/MapTemplates/TilingNoise05.uexp" 470
"../../../Engine/Content/MapTemplates/TilingNoise05.ubulk" 471
"../../../Engine/Content/EngineSky/M_SkyTimeOfDay.uasset" 472
"../../../Engine/Content/EngineSky/M_SkyTimeOfDay.uexp" 473
"../../../Engine/Content/EngineSky/VolumetricClouds/CloudWeatherTexture.uasset" 474
"../../../Engine/Content/EngineSky/VolumetricClouds/CloudWeatherTexture.uexp" 475
"../../../Engine/Content/EngineSky/VolumetricClouds/T_NoiseShape64.uasset" 476
"../../../Engine/Content/EngineSky/VolumetricClouds/T_NoiseShape64.uexp" 477
"../../../Engine/Content/EngineSky/VolumetricClouds/T_NoiseShape64.ubulk" 478
"../../../Engine/Content/EngineSky/VolumetricClouds/T_VolumeNoiseShape64.uasset" 479
"../../../Engine/Content/EngineSky/VolumetricClouds/T_VolumeNoiseShape64.uexp" 480
"../../../Engine/Content/EngineSky/VolumetricClouds/T_NoiseErosion.uasset" 481
"../../../Engine/Content/EngineSky/VolumetricClouds/T_NoiseErosion.uexp" 482
"../../../Engine/Content/EngineSky/VolumetricClouds/T_NoiseErosion.ubulk" 483
"../../../Engine/Content/EngineSky/VolumetricClouds/T_VolumeNoiseErosion32.uasset" 484
"../../../Engine/Content/EngineSky/VolumetricClouds/T_VolumeNoiseErosion32.uexp" 485
"../../../Engine/Content/EngineSky/VolumetricClouds/CloudGradientTexture.uasset" 486
"../../../Engine/Content/EngineSky/VolumetricClouds/CloudGradientTexture.uexp" 487
"../../../Engine/Content/Functions/Engine_MaterialFunctions02/Utility/MakeFloat2.uasset" 488
"../../../Engine/Content/Functions/Engine_MaterialFunctions02/Utility/MakeFloat2.uexp" 489
"../../../Engine/Content/EngineSky/VolumetricClouds/m_SimpleVolumetricCloud.uasset" 490
"../../../Engine/Content/EngineSky/VolumetricClouds/m_SimpleVolumetricCloud.uexp" 491
"../../../Engine/Content/EngineSky/VolumetricClouds/m_SimpleVolumetricCloud_Inst.uasset" 492
"../../../Engine/Content/EngineSky/VolumetricClouds/m_SimpleVolumetricCloud_Inst.uexp" 493
"../../../Engine/Content/Functions/Engine_MaterialFunctions01/Shading/PowerToRoughness.uasset" 494
"../../../Engine/Content/Functions/Engine_MaterialFunctions01/Shading/PowerToRoughness.uexp" 495
"../../../Engine/Content/Maps/Templates/Thumbnails/Default.uasset" 496
"../../../Engine/Content/Maps/Templates/Thumbnails/Default.uexp" 497
"../../../Engine/Content/Maps/Templates/Thumbnails/TimeOfDay.uasset" 498
"../../../Engine/Content/Maps/Templates/Thumbnails/TimeOfDay.uexp" 499
"../../../Engine/Content/Maps/Templates/Thumbnails/VR-Basic.uasset" 500
"../../../Engine/Content/Maps/Templates/Thumbnails/VR-Basic.uexp" 501
"../../../Engine/Content/MobileResources/T_MobileControls_texture.uasset" 502
"../../../Engine/Content/MobileResources/T_MobileControls_texture.uexp" 503
"../../../Engine/Content/MobileResources/T_MobileMenu2.uasset" 504
"../../../Engine/Content/MobileResources/T_MobileMenu2.uexp" 505
"../../../Engine/Content/MobileResources/HUD/AnalogHat.uasset" 506
"../../../Engine/Content/MobileResources/HUD/AnalogHat.uexp" 507
"../../../Engine/Content/MobileResources/HUD/VirtualJoystick_Background.uasset" 508
"../../../Engine/Content/MobileResources/HUD/VirtualJoystick_Background.uexp" 509
"../../../Engine/Content/MobileResources/HUD/VirtualJoystick_Thumb.uasset" 510
"../../../Engine/Content/MobileResources/HUD/VirtualJoystick_Thumb.uexp" 511
"../../../Engine/Content/MobileResources/HUD/DefaultVirtualJoysticks.uasset" 512
"../../../Engine/Content/MobileResources/HUD/DefaultVirtualJoysticks.uexp" 513
"../../../Engine/Content/MobileResources/HUD/LeftVirtualJoystickOnly.uasset" 514
"../../../Engine/Content/MobileResources/HUD/LeftVirtualJoystickOnly.uexp" 515
"../../../Engine/Content/MobileResources/HUD/MobileHUDButton1_off.uasset" 516
"../../../Engine/Content/MobileResources/HUD/MobileHUDButton1_off.uexp" 517
"../../../Engine/Content/MobileResources/HUD/MobileHUDButton1_on.uasset" 518
"../../../Engine/Content/MobileResources/HUD/MobileHUDButton1_on.uexp" 519
"../../../Engine/Content/MobileResources/HUD/MobileHUDButton2_off.uasset" 520
"../../../Engine/Content/MobileResources/HUD/MobileHUDButton2_off.uexp" 521
"../../../Engine/Content/MobileResources/HUD/MobileHUDButton2_on.uasset" 522
"../../../Engine/Content/MobileResources/HUD/MobileHUDButton2_on.uexp" 523
"../../../Engine/Content/MobileResources/HUD/MobileHUDButton3.uasset" 524
"../../../Engine/Content/MobileResources/HUD/MobileHUDButton3.uexp" 525
"../../../Engine/Content/MobileResources/HUD/MobileHUDButtonFire.uasset" 526
"../../../Engine/Content/MobileResources/HUD/MobileHUDButtonFire.uexp" 527
"../../../Engine/Content/MobileResources/HUD/MobileHUDDirectionPad.uasset" 528
"../../../Engine/Content/MobileResources/HUD/MobileHUDDirectionPad.uexp" 529
"../../../Engine/Content/MobileResources/HUD/MobileHUDDirectionPad2.uasset" 530
"../../../Engine/Content/MobileResources/HUD/MobileHUDDirectionPad2.uexp" 531
"../../../Engine/Content/MobileResources/HUD/MobileHUDDirectionPad3.uasset" 532
"../../../Engine/Content/MobileResources/HUD/MobileHUDDirectionPad3.uexp" 533
"../../../Engine/Content/MobileResources/HUD/MobileHUDDirectionStick.uasset" 534
"../../../Engine/Content/MobileResources/HUD/MobileHUDDirectionStick.uexp" 535
"../../../Engine/Content/MobileResources/HUD/T_Castle_ThumbstickInner.uasset" 536
"../../../Engine/Content/MobileResources/HUD/T_Castle_ThumbstickInner.uexp" 537
"../../../Engine/Content/MobileResources/HUD/T_Castle_ThumbstickOutter.uasset" 538
"../../../Engine/Content/MobileResources/HUD/T_Castle_ThumbstickOutter.uexp" 539
"../../../Engine/Content/Tutorial/ContentIntroCurve.uasset" 540
"../../../Engine/Content/Tutorial/ContentIntroCurve.uexp" 541
"../../../Engine/Content/VREditor/LaserPointer/VR_LaserPower_01.uasset" 542
"../../../Engine/Content/VREditor/LaserPointer/VR_LaserPower_01.uexp" 543
"../../../Engine/Content/VREditor/LaserPointer/VR_LaserPower_01.ubulk" 544
"../../../Engine/Content/VREditor/TransformGizmo/TransformGizmoMaterial.uasset" 545
"../../../Engine/Content/VREditor/TransformGizmo/TransformGizmoMaterial.uexp" 546
"../../../Engine/Content/VREditor/TransformGizmo/TranslucentTransformGizmoMaterial.uasset" 547
"../../../Engine/Content/VREditor/TransformGizmo/TranslucentTransformGizmoMaterial.uexp" 548
"../../../Engine/Content/VREditor/TransformGizmo/BoundingBoxCorner.uasset" 549
"../../../Engine/Content/VREditor/TransformGizmo/BoundingBoxCorner.uexp" 550
"../../../Engine/Content/VREditor/TransformGizmo/BoundingBoxCorner.ubulk" 551
"../../../Engine/Content/VREditor/TransformGizmo/BoundingBoxEdge.uasset" 552
"../../../Engine/Content/VREditor/TransformGizmo/BoundingBoxEdge.uexp" 553
"../../../Engine/Content/VREditor/TransformGizmo/BoundingBoxEdge.ubulk" 554
"../../../Engine/Content/VREditor/TransformGizmo/PlaneTranslationHandle.uasset" 555
"../../../Engine/Content/VREditor/TransformGizmo/PlaneTranslationHandle.uexp" 556
"../../../Engine/Content/VREditor/TransformGizmo/PlaneTranslationHandle.ubulk" 557
"../../../Engine/Content/VREditor/TransformGizmo/Xray.uasset" 558
"../../../Engine/Content/VREditor/TransformGizmo/Xray.uexp" 559
"../../../Engine/Content/VREditor/TransformGizmo/Main.uasset" 560
"../../../Engine/Content/VREditor/TransformGizmo/Main.uexp" 561
"../../../Engine/Content/VREditor/TransformGizmo/SM_Sequencer_Key.uasset" 562
"../../../Engine/Content/VREditor/TransformGizmo/SM_Sequencer_Key.uexp" 563
"../../../Engine/Content/VREditor/TransformGizmo/SM_Sequencer_Key.ubulk" 564
"../../../Engine/Content/VREditor/TransformGizmo/SM_Sequencer_Node.uasset" 565
"../../../Engine/Content/VREditor/TransformGizmo/SM_Sequencer_Node.uexp" 566
"../../../Engine/Content/VREditor/TransformGizmo/SM_Sequencer_Node.ubulk" 567
"../../../Engine/Plugins/2D/Paper2D/Content/PlaceholderTextures/DummySpriteTexture.uasset" 568
"../../../Engine/Plugins/2D/Paper2D/Content/PlaceholderTextures/DummySpriteTexture.uexp" 569
"../../../Engine/Plugins/2D/Paper2D/Content/PlaceholderTextures/DummySpriteTexture.ubulk" 570
"../../../Engine/Plugins/2D/Paper2D/Content/DummySprite.uasset" 571
"../../../Engine/Plugins/2D/Paper2D/Content/DummySprite.uexp" 572
"../../../Engine/Plugins/2D/Paper2D/Content/DefaultPaperTerrainMaterial.uasset" 573
"../../../Engine/Plugins/2D/Paper2D/Content/DefaultPaperTerrainMaterial.uexp" 574
"../../../Engine/Plugins/2D/Paper2D/Content/DefaultSpriteMaterial.uasset" 575
"../../../Engine/Plugins/2D/Paper2D/Content/DefaultSpriteMaterial.uexp" 576
"../../../Engine/Plugins/2D/Paper2D/Content/MaskedUnlitSpriteMaterial.uasset" 577
"../../../Engine/Plugins/2D/Paper2D/Content/MaskedUnlitSpriteMaterial.uexp" 578
"../../../Engine/Plugins/2D/Paper2D/Content/OpaqueUnlitSpriteMaterial.uasset" 579
"../../../Engine/Plugins/2D/Paper2D/Content/OpaqueUnlitSpriteMaterial.uexp" 580
"../../../Engine/Content/Functions/Engine_MaterialFunctions02/ObjectLocalBounds.uasset" 581
"../../../Engine/Content/Functions/Engine_MaterialFunctions02/ObjectLocalBounds.uexp" 582
"../../../Engine/Content/Functions/Engine_MaterialFunctions02/UVs/BoundingBoxBased_0-1_UVW.uasset" 583
"../../../Engine/Content/Functions/Engine_MaterialFunctions02/UVs/BoundingBoxBased_0-1_UVW.uexp" 584
"../../../Engine/Content/Functions/Engine_MaterialFunctions02/SafeNormalize.uasset" 585
"../../../Engine/Content/Functions/Engine_MaterialFunctions02/SafeNormalize.uexp" 586
"../../../Engine/Content/EngineResources/DefaultTexture.uasset" 587
"../../../Engine/Content/EngineResources/DefaultTexture.uexp" 588
"../../../Engine/Content/EngineResources/DefaultTexture.ubulk" 589
"../../../Engine/Plugins/Editor/SpeedTreeImporter/Content/SpeedTree9/game_wind_noise.uasset" 590
"../../../Engine/Plugins/Editor/SpeedTreeImporter/Content/SpeedTree9/game_wind_noise.uexp" 591
"../../../Engine/Plugins/Editor/SpeedTreeImporter/Content/SpeedTree9/game_wind_noise.ubulk" 592
"../../../Engine/Plugins/Editor/SpeedTreeImporter/Content/SpeedTree9/SpeedTreeBillboard.uasset" 593
"../../../Engine/Plugins/Editor/SpeedTreeImporter/Content/SpeedTree9/SpeedTreeBillboard.uexp" 594
"../../../Engine/Plugins/Editor/SpeedTreeImporter/Content/SpeedTree9/SpeedTreeWindMotion.uasset" 595
"../../../Engine/Plugins/Editor/SpeedTreeImporter/Content/SpeedTree9/SpeedTreeWindMotion.uexp" 596
"../../../Engine/Plugins/Editor/SpeedTreeImporter/Content/SpeedTree9/UnpackDirection.uasset" 597
"../../../Engine/Plugins/Editor/SpeedTreeImporter/Content/SpeedTree9/UnpackDirection.uexp" 598
"../../../Engine/Plugins/Editor/SpeedTreeImporter/Content/SpeedTree9/UnpackInteger3.uasset" 599
"../../../Engine/Plugins/Editor/SpeedTreeImporter/Content/SpeedTree9/UnpackInteger3.uexp" 600
"../../../Engine/Plugins/Editor/SpeedTreeImporter/Content/SpeedTree9/SpeedTreeBranchMotion.uasset" 601
"../../../Engine/Plugins/Editor/SpeedTreeImporter/Content/SpeedTree9/SpeedTreeBranchMotion.uexp" 602
"../../../Engine/Plugins/Editor/SpeedTreeImporter/Content/SpeedTree9/SpeedTreeWind.uasset" 603
"../../../Engine/Plugins/Editor/SpeedTreeImporter/Content/SpeedTree9/SpeedTreeWind.uexp" 604
"../../../Engine/Plugins/Editor/SpeedTreeImporter/Content/SpeedTree9/SpeedTreeBillboardMaster.uasset" 605
"../../../Engine/Plugins/Editor/SpeedTreeImporter/Content/SpeedTree9/SpeedTreeBillboardMaster.uexp" 606
"../../../Engine/Plugins/Editor/SpeedTreeImporter/Content/SpeedTree9/SpeedTreeCameraFacing.uasset" 607
"../../../Engine/Plugins/Editor/SpeedTreeImporter/Content/SpeedTree9/SpeedTreeCameraFacing.uexp" 608
"../../../Engine/Plugins/Editor/SpeedTreeImporter/Content/SpeedTree9/SpeedTreeMaster.uasset" 609
"../../../Engine/Plugins/Editor/SpeedTreeImporter/Content/SpeedTree9/SpeedTreeMaster.uexp" 610
"../../../Engine/Content/BasicShapes/Cylinder.uasset" 611
"../../../Engine/Content/BasicShapes/Cylinder.uexp" 612
"../../../Engine/Content/BasicShapes/Cylinder.ubulk" 613
"../../../Engine/Content/ArtTools/RenderToTexture/Materials/Debug/M_Emissive_Color.uasset" 614
"../../../Engine/Content/ArtTools/RenderToTexture/Materials/Debug/M_Emissive_Color.uexp" 615
"../../../Engine/Plugins/Lumin/MagicLeapPassableWorld/Content/MagicLeapARPinInfoActor.uasset" 616
"../../../Engine/Plugins/Lumin/MagicLeapPassableWorld/Content/MagicLeapARPinInfoActor.uexp" 617
"../../../Engine/Plugins/Experimental/ControlRig/Content/M_Manip.uasset" 618
"../../../Engine/Plugins/Experimental/ControlRig/Content/M_Manip.uexp" 619
"../../../Engine/Plugins/Experimental/ControlRig/Content/Controls/ControlRigGizmoMaterial.uasset" 620
"../../../Engine/Plugins/Experimental/ControlRig/Content/Controls/ControlRigGizmoMaterial.uexp" 621
"../../../Engine/Plugins/Experimental/ControlRig/Content/Controls/ControlRig_Arrow2_1mm.uasset" 622
"../../../Engine/Plugins/Experimental/ControlRig/Content/Controls/ControlRig_Arrow2_1mm.uexp" 623
"../../../Engine/Plugins/Experimental/ControlRig/Content/Controls/ControlRig_Arrow2_1mm.ubulk" 624
"../../../Engine/Plugins/Experimental/ControlRig/Content/Controls/ControlRig_Arrow2_3mm.uasset" 625
"../../../Engine/Plugins/Experimental/ControlRig/Content/Controls/ControlRig_Arrow2_3mm.uexp" 626
"../../../Engine/Plugins/Experimental/ControlRig/Content/Controls/ControlRig_Arrow2_3mm.ubulk" 627
"../../../Engine/Plugins/Experimental/ControlRig/Content/Controls/ControlRig_Arrow2_solid.uasset" 628
"../../../Engine/Plugins/Experimental/ControlRig/Content/Controls/ControlRig_Arrow2_solid.uexp" 629
"../../../Engine/Plugins/Experimental/ControlRig/Content/Controls/ControlRig_Arrow2_solid.ubulk" 630
"../../../Engine/Plugins/Experimental/ControlRig/Content/Controls/ControlRig_Arrow4_1mm.uasset" 631
"../../../Engine/Plugins/Experimental/ControlRig/Content/Controls/ControlRig_Arrow4_1mm.uexp" 632
"../../../Engine/Plugins/Experimental/ControlRig/Content/Controls/ControlRig_Arrow4_1mm.ubulk" 633
"../../../Engine/Plugins/Experimental/ControlRig/Content/Controls/ControlRig_Arrow4_3mm.uasset" 634
"../../../Engine/Plugins/Experimental/ControlRig/Content/Controls/ControlRig_Arrow4_3mm.uexp" 635
"../../../Engine/Plugins/Experimental/ControlRig/Content/Controls/ControlRig_Arrow4_3mm.ubulk" 636
"../../../Engine/Plugins/Experimental/ControlRig/Content/Controls/ControlRig_Arrow4_solid.uasset" 637
"../../../Engine/Plugins/Experimental/ControlRig/Content/Controls/ControlRig_Arrow4_solid.uexp" 638
"../../../Engine/Plugins/Experimental/ControlRig/Content/Controls/ControlRig_Arrow4_solid.ubulk" 639
"../../../Engine/Plugins/Experimental/ControlRig/Content/Controls/ControlRig_Arrow_1mm.uasset" 640
"../../../Engine/Plugins/Experimental/ControlRig/Content/Controls/ControlRig_Arrow_1mm.uexp" 641
"../../../Engine/Plugins/Experimental/ControlRig/Content/Controls/ControlRig_Arrow_1mm.ubulk" 642
"../../../Engine/Plugins/Experimental/ControlRig/Content/Controls/ControlRig_Arrow_3mm.uasset" 643
"../../../Engine/Plugins/Experimental/ControlRig/Content/Controls/ControlRig_Arrow_3mm.uexp" 644
"../../../Engine/Plugins/Experimental/ControlRig/Content/Controls/ControlRig_Arrow_3mm.ubulk" 645
"../../../Engine/Plugins/Experimental/ControlRig/Content/Controls/ControlRig_Arrow_solid.uasset" 646
"../../../Engine/Plugins/Experimental/ControlRig/Content/Controls/ControlRig_Arrow_solid.uexp" 647
"../../../Engine/Plugins/Experimental/ControlRig/Content/Controls/ControlRig_Arrow_solid.ubulk" 648
"../../../Engine/Plugins/Experimental/ControlRig/Content/Controls/ControlRig_Box_1mm.uasset" 649
"../../../Engine/Plugins/Experimental/ControlRig/Content/Controls/ControlRig_Box_1mm.uexp" 650
"../../../Engine/Plugins/Experimental/ControlRig/Content/Controls/ControlRig_Box_1mm.ubulk" 651
"../../../Engine/Plugins/Experimental/ControlRig/Content/Controls/ControlRig_Box_3mm.uasset" 652
"../../../Engine/Plugins/Experimental/ControlRig/Content/Controls/ControlRig_Box_3mm.uexp" 653
"../../../Engine/Plugins/Experimental/ControlRig/Content/Controls/ControlRig_Box_3mm.ubulk" 654
"../../../Engine/Plugins/Experimental/ControlRig/Content/Controls/ControlRig_Box_solid.uasset" 655
"../../../Engine/Plugins/Experimental/ControlRig/Content/Controls/ControlRig_Box_solid.uexp" 656
"../../../Engine/Plugins/Experimental/ControlRig/Content/Controls/ControlRig_Box_solid.ubulk" 657
"../../../Engine/Plugins/Experimental/ControlRig/Content/Controls/ControlRig_Circle_1mm.uasset" 658
"../../../Engine/Plugins/Experimental/ControlRig/Content/Controls/ControlRig_Circle_1mm.uexp" 659
"../../../Engine/Plugins/Experimental/ControlRig/Content/Controls/ControlRig_Circle_1mm.ubulk" 660
"../../../Engine/Plugins/Experimental/ControlRig/Content/Controls/ControlRig_Circle_3mm.uasset" 661
"../../../Engine/Plugins/Experimental/ControlRig/Content/Controls/ControlRig_Circle_3mm.uexp" 662
"../../../Engine/Plugins/Experimental/ControlRig/Content/Controls/ControlRig_Circle_3mm.ubulk" 663
"../../../Engine/Plugins/Experimental/ControlRig/Content/Controls/ControlRig_Circle_solid.uasset" 664
"../../../Engine/Plugins/Experimental/ControlRig/Content/Controls/ControlRig_Circle_solid.uexp" 665
"../../../Engine/Plugins/Experimental/ControlRig/Content/Controls/ControlRig_Circle_solid.ubulk" 666
"../../../Engine/Plugins/Experimental/ControlRig/Content/Controls/ControlRig_Diamond_1mm.uasset" 667
"../../../Engine/Plugins/Experimental/ControlRig/Content/Controls/ControlRig_Diamond_1mm.uexp" 668
"../../../Engine/Plugins/Experimental/ControlRig/Content/Controls/ControlRig_Diamond_1mm.ubulk" 669
"../../../Engine/Plugins/Experimental/ControlRig/Content/Controls/ControlRig_Diamond_3mm.uasset" 670
"../../../Engine/Plugins/Experimental/ControlRig/Content/Controls/ControlRig_Diamond_3mm.uexp" 671
"../../../Engine/Plugins/Experimental/ControlRig/Content/Controls/ControlRig_Diamond_3mm.ubulk" 672
"../../../Engine/Plugins/Experimental/ControlRig/Content/Controls/ControlRig_Diamond_solid.uasset" 673
"../../../Engine/Plugins/Experimental/ControlRig/Content/Controls/ControlRig_Diamond_solid.uexp" 674
"../../../Engine/Plugins/Experimental/ControlRig/Content/Controls/ControlRig_Diamond_solid.ubulk" 675
"../../../Engine/Plugins/Experimental/ControlRig/Content/Controls/ControlRig_HalfCircle_1mm.uasset" 676
"../../../Engine/Plugins/Experimental/ControlRig/Content/Controls/ControlRig_HalfCircle_1mm.uexp" 677
"../../../Engine/Plugins/Experimental/ControlRig/Content/Controls/ControlRig_HalfCircle_1mm.ubulk" 678
"../../../Engine/Plugins/Experimental/ControlRig/Content/Controls/ControlRig_HalfCircle_3mm.uasset" 679
"../../../Engine/Plugins/Experimental/ControlRig/Content/Controls/ControlRig_HalfCircle_3mm.uexp" 680
"../../../Engine/Plugins/Experimental/ControlRig/Content/Controls/ControlRig_HalfCircle_3mm.ubulk" 681
"../../../Engine/Plugins/Experimental/ControlRig/Content/Controls/ControlRig_HalfCircle_solid.uasset" 682
"../../../Engine/Plugins/Experimental/ControlRig/Content/Controls/ControlRig_HalfCircle_solid.uexp" 683
"../../../Engine/Plugins/Experimental/ControlRig/Content/Controls/ControlRig_HalfCircle_solid.ubulk" 684
"../../../Engine/Plugins/Experimental/ControlRig/Content/Controls/ControlRig_Hexagon_1mm.uasset" 685
"../../../Engine/Plugins/Experimental/ControlRig/Content/Controls/ControlRig_Hexagon_1mm.uexp" 686
"../../../Engine/Plugins/Experimental/ControlRig/Content/Controls/ControlRig_Hexagon_1mm.ubulk" 687
"../../../Engine/Plugins/Experimental/ControlRig/Content/Controls/ControlRig_Hexagon_3mm.uasset" 688
"../../../Engine/Plugins/Experimental/ControlRig/Content/Controls/ControlRig_Hexagon_3mm.uexp" 689
"../../../Engine/Plugins/Experimental/ControlRig/Content/Controls/ControlRig_Hexagon_3mm.ubulk" 690
"../../../Engine/Plugins/Experimental/ControlRig/Content/Controls/ControlRig_Hexagon_solid.uasset" 691
"../../../Engine/Plugins/Experimental/ControlRig/Content/Controls/ControlRig_Hexagon_solid.uexp" 692
"../../../Engine/Plugins/Experimental/ControlRig/Content/Controls/ControlRig_Hexagon_solid.ubulk" 693
"../../../Engine/Plugins/Experimental/ControlRig/Content/Controls/ControlRig_Octagon_1mm.uasset" 694
"../../../Engine/Plugins/Experimental/ControlRig/Content/Controls/ControlRig_Octagon_1mm.uexp" 695
"../../../Engine/Plugins/Experimental/ControlRig/Content/Controls/ControlRig_Octagon_1mm.ubulk" 696
"../../../Engine/Plugins/Experimental/ControlRig/Content/Controls/ControlRig_Octagon_3mm.uasset" 697
"../../../Engine/Plugins/Experimental/ControlRig/Content/Controls/ControlRig_Octagon_3mm.uexp" 698
"../../../Engine/Plugins/Experimental/ControlRig/Content/Controls/ControlRig_Octagon_3mm.ubulk" 699
"../../../Engine/Plugins/Experimental/ControlRig/Content/Controls/ControlRig_Octagon_solid.uasset" 700
"../../../Engine/Plugins/Experimental/ControlRig/Content/Controls/ControlRig_Octagon_solid.uexp" 701
"../../../Engine/Plugins/Experimental/ControlRig/Content/Controls/ControlRig_Octagon_solid.ubulk" 702
"../../../Engine/Plugins/Experimental/ControlRig/Content/Controls/ControlRig_Pyramid_1mm.uasset" 703
"../../../Engine/Plugins/Experimental/ControlRig/Content/Controls/ControlRig_Pyramid_1mm.uexp" 704
"../../../Engine/Plugins/Experimental/ControlRig/Content/Controls/ControlRig_Pyramid_1mm.ubulk" 705
"../../../Engine/Plugins/Experimental/ControlRig/Content/Controls/ControlRig_Pyramid_3mm.uasset" 706
"../../../Engine/Plugins/Experimental/ControlRig/Content/Controls/ControlRig_Pyramid_3mm.uexp" 707
"../../../Engine/Plugins/Experimental/ControlRig/Content/Controls/ControlRig_Pyramid_3mm.ubulk" 708
"../../../Engine/Plugins/Experimental/ControlRig/Content/Controls/ControlRig_Pyramid_solid.uasset" 709
"../../../Engine/Plugins/Experimental/ControlRig/Content/Controls/ControlRig_Pyramid_solid.uexp" 710
"../../../Engine/Plugins/Experimental/ControlRig/Content/Controls/ControlRig_Pyramid_solid.ubulk" 711
"../../../Engine/Plugins/Experimental/ControlRig/Content/Controls/ControlRig_QuarterCircle_1mm.uasset" 712
"../../../Engine/Plugins/Experimental/ControlRig/Content/Controls/ControlRig_QuarterCircle_1mm.uexp" 713
"../../../Engine/Plugins/Experimental/ControlRig/Content/Controls/ControlRig_QuarterCircle_1mm.ubulk" 714
"../../../Engine/Plugins/Experimental/ControlRig/Content/Controls/ControlRig_QuarterCircle_3mm.uasset" 715
"../../../Engine/Plugins/Experimental/ControlRig/Content/Controls/ControlRig_QuarterCircle_3mm.uexp" 716
"../../../Engine/Plugins/Experimental/ControlRig/Content/Controls/ControlRig_QuarterCircle_3mm.ubulk" 717
"../../../Engine/Plugins/Experimental/ControlRig/Content/Controls/ControlRig_QuarterCircle_solid.uasset" 718
"../../../Engine/Plugins/Experimental/ControlRig/Content/Controls/ControlRig_QuarterCircle_solid.uexp" 719
"../../../Engine/Plugins/Experimental/ControlRig/Content/Controls/ControlRig_QuarterCircle_solid.ubulk" 720
"../../../Engine/Plugins/Experimental/ControlRig/Content/Controls/ControlRig_RoundedSquare_1mm.uasset" 721
"../../../Engine/Plugins/Experimental/ControlRig/Content/Controls/ControlRig_RoundedSquare_1mm.uexp" 722
"../../../Engine/Plugins/Experimental/ControlRig/Content/Controls/ControlRig_RoundedSquare_1mm.ubulk" 723
"../../../Engine/Plugins/Experimental/ControlRig/Content/Controls/ControlRig_RoundedSquare_3mm.uasset" 724
"../../../Engine/Plugins/Experimental/ControlRig/Content/Controls/ControlRig_RoundedSquare_3mm.uexp" 725
"../../../Engine/Plugins/Experimental/ControlRig/Content/Controls/ControlRig_RoundedSquare_3mm.ubulk" 726
"../../../Engine/Plugins/Experimental/ControlRig/Content/Controls/ControlRig_RoundedSquare_solid.uasset" 727
"../../../Engine/Plugins/Experimental/ControlRig/Content/Controls/ControlRig_RoundedSquare_solid.uexp" 728
"../../../Engine/Plugins/Experimental/ControlRig/Content/Controls/ControlRig_RoundedSquare_solid.ubulk" 729
"../../../Engine/Plugins/Experimental/ControlRig/Content/Controls/ControlRig_RoundedTriangle_1mm.uasset" 730
"../../../Engine/Plugins/Experimental/ControlRig/Content/Controls/ControlRig_RoundedTriangle_1mm.uexp" 731
"../../../Engine/Plugins/Experimental/ControlRig/Content/Controls/ControlRig_RoundedTriangle_1mm.ubulk" 732
"../../../Engine/Plugins/Experimental/ControlRig/Content/Controls/ControlRig_RoundedTriangle_3mm.uasset" 733
"../../../Engine/Plugins/Experimental/ControlRig/Content/Controls/ControlRig_RoundedTriangle_3mm.uexp" 734
"../../../Engine/Plugins/Experimental/ControlRig/Content/Controls/ControlRig_RoundedTriangle_3mm.ubulk" 735
"../../../Engine/Plugins/Experimental/ControlRig/Content/Controls/ControlRig_RoundedTriangle_solid.uasset" 736
"../../../Engine/Plugins/Experimental/ControlRig/Content/Controls/ControlRig_RoundedTriangle_solid.uexp" 737
"../../../Engine/Plugins/Experimental/ControlRig/Content/Controls/ControlRig_RoundedTriangle_solid.ubulk" 738
"../../../Engine/Plugins/Experimental/ControlRig/Content/Controls/ControlRig_Sphere_1mm.uasset" 739
"../../../Engine/Plugins/Experimental/ControlRig/Content/Controls/ControlRig_Sphere_1mm.uexp" 740
"../../../Engine/Plugins/Experimental/ControlRig/Content/Controls/ControlRig_Sphere_1mm.ubulk" 741
"../../../Engine/Plugins/Experimental/ControlRig/Content/Controls/ControlRig_Sphere_3mm.uasset" 742
"../../../Engine/Plugins/Experimental/ControlRig/Content/Controls/ControlRig_Sphere_3mm.uexp" 743
"../../../Engine/Plugins/Experimental/ControlRig/Content/Controls/ControlRig_Sphere_3mm.ubulk" 744
"../../../Engine/Plugins/Experimental/ControlRig/Content/Controls/ControlRig_Sphere_solid.uasset" 745
"../../../Engine/Plugins/Experimental/ControlRig/Content/Controls/ControlRig_Sphere_solid.uexp" 746
"../../../Engine/Plugins/Experimental/ControlRig/Content/Controls/ControlRig_Sphere_solid.ubulk" 747
"../../../Engine/Plugins/Experimental/ControlRig/Content/Controls/ControlRig_Square_1mm.uasset" 748
"../../../Engine/Plugins/Experimental/ControlRig/Content/Controls/ControlRig_Square_1mm.uexp" 749
"../../../Engine/Plugins/Experimental/ControlRig/Content/Controls/ControlRig_Square_1mm.ubulk" 750
"../../../Engine/Plugins/Experimental/ControlRig/Content/Controls/ControlRig_Square_3mm.uasset" 751
"../../../Engine/Plugins/Experimental/ControlRig/Content/Controls/ControlRig_Square_3mm.uexp" 752
"../../../Engine/Plugins/Experimental/ControlRig/Content/Controls/ControlRig_Square_3mm.ubulk" 753
"../../../Engine/Plugins/Experimental/ControlRig/Content/Controls/ControlRig_Square_solid.uasset" 754
"../../../Engine/Plugins/Experimental/ControlRig/Content/Controls/ControlRig_Square_solid.uexp" 755
"../../../Engine/Plugins/Experimental/ControlRig/Content/Controls/ControlRig_Square_solid.ubulk" 756
"../../../Engine/Plugins/Experimental/ControlRig/Content/Controls/ControlRig_Star4_1mm.uasset" 757
"../../../Engine/Plugins/Experimental/ControlRig/Content/Controls/ControlRig_Star4_1mm.uexp" 758
"../../../Engine/Plugins/Experimental/ControlRig/Content/Controls/ControlRig_Star4_1mm.ubulk" 759
"../../../Engine/Plugins/Experimental/ControlRig/Content/Controls/ControlRig_Star4_3mm.uasset" 760
"../../../Engine/Plugins/Experimental/ControlRig/Content/Controls/ControlRig_Star4_3mm.uexp" 761
"../../../Engine/Plugins/Experimental/ControlRig/Content/Controls/ControlRig_Star4_3mm.ubulk" 762
"../../../Engine/Plugins/Experimental/ControlRig/Content/Controls/ControlRig_Star4_solid.uasset" 763
"../../../Engine/Plugins/Experimental/ControlRig/Content/Controls/ControlRig_Star4_solid.uexp" 764
"../../../Engine/Plugins/Experimental/ControlRig/Content/Controls/ControlRig_Star4_solid.ubulk" 765
"../../../Engine/Plugins/Experimental/ControlRig/Content/Controls/ControlRig_Triangle_1mm.uasset" 766
"../../../Engine/Plugins/Experimental/ControlRig/Content/Controls/ControlRig_Triangle_1mm.uexp" 767
"../../../Engine/Plugins/Experimental/ControlRig/Content/Controls/ControlRig_Triangle_1mm.ubulk" 768
"../../../Engine/Plugins/Experimental/ControlRig/Content/Controls/ControlRig_Triangle_3mm.uasset" 769
"../../../Engine/Plugins/Experimental/ControlRig/Content/Controls/ControlRig_Triangle_3mm.uexp" 770
"../../../Engine/Plugins/Experimental/ControlRig/Content/Controls/ControlRig_Triangle_3mm.ubulk" 771
"../../../Engine/Plugins/Experimental/ControlRig/Content/Controls/ControlRig_Triangle_solid.uasset" 772
"../../../Engine/Plugins/Experimental/ControlRig/Content/Controls/ControlRig_Triangle_solid.uexp" 773
"../../../Engine/Plugins/Experimental/ControlRig/Content/Controls/ControlRig_Triangle_solid.ubulk" 774
"../../../Engine/Plugins/Experimental/ControlRig/Content/Controls/ControlRig_Wedge_1mm.uasset" 775
"../../../Engine/Plugins/Experimental/ControlRig/Content/Controls/ControlRig_Wedge_1mm.uexp" 776
"../../../Engine/Plugins/Experimental/ControlRig/Content/Controls/ControlRig_Wedge_1mm.ubulk" 777
"../../../Engine/Plugins/Experimental/ControlRig/Content/Controls/ControlRig_Wedge_3mm.uasset" 778
"../../../Engine/Plugins/Experimental/ControlRig/Content/Controls/ControlRig_Wedge_3mm.uexp" 779
"../../../Engine/Plugins/Experimental/ControlRig/Content/Controls/ControlRig_Wedge_3mm.ubulk" 780
"../../../Engine/Plugins/Experimental/ControlRig/Content/Controls/ControlRig_Wedge_solid.uasset" 781
"../../../Engine/Plugins/Experimental/ControlRig/Content/Controls/ControlRig_Wedge_solid.uexp" 782
"../../../Engine/Plugins/Experimental/ControlRig/Content/Controls/ControlRig_Wedge_solid.ubulk" 783
"../../../Engine/Plugins/Experimental/ControlRig/Content/Controls/DefaultGizmoLibrary.uasset" 784
"../../../Engine/Plugins/Experimental/ControlRig/Content/Controls/DefaultGizmoLibrary.uexp" 785
"../../../Engine/Plugins/Runtime/HairStrands/Content/Materials/HairCardsDefaultMaterial.uasset" 786
"../../../Engine/Plugins/Runtime/HairStrands/Content/Materials/HairCardsDefaultMaterial.uexp" 787
"../../../Engine/Content/EngineMaterials/HairDebugColor.uasset" 788
"../../../Engine/Content/EngineMaterials/HairDebugColor.uexp" 789
"../../../Engine/Content/EngineMaterials/HairColorMap.uasset" 790
"../../../Engine/Content/EngineMaterials/HairColorMap.uexp" 791
"../../../Engine/Plugins/Runtime/HairStrands/Content/Materials/HairDebugMaterial.uasset" 792
"../../../Engine/Plugins/Runtime/HairStrands/Content/Materials/HairDebugMaterial.uexp" 793
"../../../Engine/Plugins/Runtime/HairStrands/Content/Materials/HairDefaultMaterial.uasset" 794
"../../../Engine/Plugins/Runtime/HairStrands/Content/Materials/HairDefaultMaterial.uexp" 795
"../../../Engine/Plugins/Runtime/HairStrands/Content/Materials/HairMeshesDefaultMaterial.uasset" 796
"../../../Engine/Plugins/Runtime/HairStrands/Content/Materials/HairMeshesDefaultMaterial.uexp" 797
"../../../Engine/Content/Functions/Engine_MaterialFunctions02/Utility/BreakOutFloat4Components.uasset" 798
"../../../Engine/Content/Functions/Engine_MaterialFunctions02/Utility/BreakOutFloat4Components.uexp" 799
"../../../Engine/Plugins/Runtime/Oculus/OculusVR/Content/Materials/OculusMR_ChromaKey.uasset" 800
"../../../Engine/Plugins/Runtime/Oculus/OculusVR/Content/Materials/OculusMR_ChromaKey.uexp" 801
"../../../Engine/Plugins/Runtime/Oculus/OculusVR/Content/Materials/OculusMR_OpaqueColoredMaterial.uasset" 802
"../../../Engine/Plugins/Runtime/Oculus/OculusVR/Content/Materials/OculusMR_OpaqueColoredMaterial.uexp" 803
"../../../Engine/Plugins/Runtime/Oculus/OculusVR/Content/Materials/PokeAHoleMaterial.uasset" 804
"../../../Engine/Plugins/Runtime/Oculus/OculusVR/Content/Materials/PokeAHoleMaterial.uexp" 805
"D:/FIAP/TJDR/Content/Maps/Particle2.uexp" 806
"D:/FIAP/TJDR/Content/Maps/Particle2.umap" 807
"../../../Engine/Content/EngineSky/T_Sky_Blue.uasset" 808
"../../../Engine/Content/EngineSky/T_Sky_Blue.uexp" 809
"../../../Engine/Content/EngineSky/T_Sky_Blue.ubulk" 810
"../../../Engine/Content/EngineSky/T_Sky_Clouds_M.uasset" 811
"../../../Engine/Content/EngineSky/T_Sky_Clouds_M.uexp" 812
"../../../Engine/Content/EngineSky/T_Sky_Clouds_M.ubulk" 813
"../../../Engine/Content/EngineSky/T_Sky_Stars.uasset" 814
"../../../Engine/Content/EngineSky/T_Sky_Stars.uexp" 815
"../../../Engine/Content/EngineSky/T_Sky_Stars.ubulk" 816
"../../../Engine/Content/EngineSky/M_Sky_Panning_Clouds2.uasset" 817
"../../../Engine/Content/EngineSky/M_Sky_Panning_Clouds2.uexp" 818
"../../../Engine/Content/EngineSky/SM_SkySphere.uasset" 819
"../../../Engine/Content/EngineSky/SM_SkySphere.uexp" 820
"../../../Engine/Content/EngineSky/SM_SkySphere.ubulk" 821
"../../../Engine/Content/EngineSky/C_Sky_Zenith_Color.uasset" 822
"../../../Engine/Content/EngineSky/C_Sky_Zenith_Color.uexp" 823
"../../../Engine/Content/EngineSky/C_Sky_Horizon_Color.uasset" 824
"../../../Engine/Content/EngineSky/C_Sky_Horizon_Color.uexp" 825
"../../../Engine/Content/EngineSky/C_Sky_Cloud_Color.uasset" 826
"../../../Engine/Content/EngineSky/C_Sky_Cloud_Color.uexp" 827
"../../../Engine/Content/EngineSky/BP_Sky_Sphere.uasset" 828
"../../../Engine/Content/EngineSky/BP_Sky_Sphere.uexp" 829
"D:/FIAP/TJDR/Content/StarterContent/Textures/T_Frame_M.uasset" 830
"D:/FIAP/TJDR/Content/StarterContent/Textures/T_Frame_M.uexp" 831
"D:/FIAP/TJDR/Content/StarterContent/Textures/T_Frame_M.ubulk" 832
"D:/FIAP/TJDR/Content/StarterContent/Textures/T_Frame_N.uasset" 833
"D:/FIAP/TJDR/Content/StarterContent/Textures/T_Frame_N.uexp" 834
"D:/FIAP/TJDR/Content/StarterContent/Textures/T_Frame_N.ubulk" 835
"D:/FIAP/TJDR/Content/StarterContent/Props/Materials/M_Frame.uasset" 836
"D:/FIAP/TJDR/Content/StarterContent/Props/Materials/M_Frame.uexp" 837
"D:/FIAP/TJDR/Content/StarterContent/Props/SM_CornerFrame.uasset" 838
"D:/FIAP/TJDR/Content/StarterContent/Props/SM_CornerFrame.uexp" 839
"D:/FIAP/TJDR/Content/StarterContent/Props/SM_CornerFrame.ubulk" 840
"D:/FIAP/TJDR/Content/StarterContent/Textures/T_Bush_D.uasset" 841
"D:/FIAP/TJDR/Content/StarterContent/Textures/T_Bush_D.uexp" 842
"D:/FIAP/TJDR/Content/StarterContent/Textures/T_Bush_D.ubulk" 843
"D:/FIAP/TJDR/Content/StarterContent/Textures/T_Bush_N.uasset" 844
"D:/FIAP/TJDR/Content/StarterContent/Textures/T_Bush_N.uexp" 845
"D:/FIAP/TJDR/Content/StarterContent/Textures/T_Bush_N.ubulk" 846
"D:/FIAP/TJDR/Content/StarterContent/Props/Materials/M_Bush.uasset" 847
"D:/FIAP/TJDR/Content/StarterContent/Props/Materials/M_Bush.uexp" 848
"D:/FIAP/TJDR/Content/StarterContent/Props/SM_Bush.uasset" 849
"D:/FIAP/TJDR/Content/StarterContent/Props/SM_Bush.uexp" 850
"D:/FIAP/TJDR/Content/StarterContent/Props/SM_Bush.ubulk" 851
"D:/FIAP/TJDR/Content/StarterContent/Textures/T_RockMesh_M.uasset" 852
"D:/FIAP/TJDR/Content/StarterContent/Textures/T_RockMesh_M.uexp" 853
"D:/FIAP/TJDR/Content/StarterContent/Textures/T_RockMesh_M.ubulk" 854
"D:/FIAP/TJDR/Content/StarterContent/Textures/T_RockMesh_N.uasset" 855
"D:/FIAP/TJDR/Content/StarterContent/Textures/T_RockMesh_N.uexp" 856
"D:/FIAP/TJDR/Content/StarterContent/Textures/T_RockMesh_N.ubulk" 857
"D:/FIAP/TJDR/Content/StarterContent/Textures/T_Detail_Rocky_N.uasset" 858
"D:/FIAP/TJDR/Content/StarterContent/Textures/T_Detail_Rocky_N.uexp" 859
"D:/FIAP/TJDR/Content/StarterContent/Textures/T_Detail_Rocky_N.ubulk" 860
"D:/FIAP/TJDR/Content/StarterContent/Textures/T_Rock_Basalt_D.uasset" 861
"D:/FIAP/TJDR/Content/StarterContent/Textures/T_Rock_Basalt_D.uexp" 862
"D:/FIAP/TJDR/Content/StarterContent/Textures/T_Rock_Basalt_D.ubulk" 863
"D:/FIAP/TJDR/Content/StarterContent/Props/Materials/M_Rock.uasset" 864
"D:/FIAP/TJDR/Content/StarterContent/Props/Materials/M_Rock.uexp" 865
"D:/FIAP/TJDR/Content/StarterContent/Props/SM_Rock.uasset" 866
"D:/FIAP/TJDR/Content/StarterContent/Props/SM_Rock.uexp" 867
"D:/FIAP/TJDR/Content/StarterContent/Props/SM_Rock.ubulk" 868
"D:/FIAP/TJDR/Content/Tools/NewBlueprint.uasset" 869
"D:/FIAP/TJDR/Content/Tools/NewBlueprint.uexp" 870
"D:/FIAP/TJDR/Content/Tools/RockRandom.uasset" 871
"D:/FIAP/TJDR/Content/Tools/RockRandom.uexp" 872
"D:/FIAP/TJDR/Content/Tools/Speline/Tabua.uasset" 873
"D:/FIAP/TJDR/Content/Tools/Speline/Tabua.uexp" 874
"D:/FIAP/TJDR/Content/Tools/Speline/Tabua.ubulk" 875
"D:/FIAP/TJDR/Content/Tools/Speline/Cerca.uasset" 876
"D:/FIAP/TJDR/Content/Tools/Speline/Cerca.uexp" 877
"D:/FIAP/TJDR/Content/Tools/Speline/Pipe10.uasset" 878
"D:/FIAP/TJDR/Content/Tools/Speline/Pipe10.uexp" 879
"D:/FIAP/TJDR/Content/Tools/Speline/Pipe10.ubulk" 880
"D:/FIAP/TJDR/Content/Tools/Speline/PipeTool.uasset" 881
"D:/FIAP/TJDR/Content/Tools/Speline/PipeTool.uexp" 882
"D:/FIAP/TJDR/Content/Megascans/Surfaces/Fine_Road_viciaalew/T_Fine_Road_viciaalew_1K_D.uasset" 883
"D:/FIAP/TJDR/Content/Megascans/Surfaces/Fine_Road_viciaalew/T_Fine_Road_viciaalew_1K_D.uexp" 884
"D:/FIAP/TJDR/Content/Megascans/Surfaces/Fine_Road_viciaalew/T_Fine_Road_viciaalew_1K_D.ubulk" 885
"D:/FIAP/TJDR/Content/Megascans/Surfaces/Fine_Road_viciaalew/T_Fine_Road_viciaalew_1K_N.uasset" 886
"D:/FIAP/TJDR/Content/Megascans/Surfaces/Fine_Road_viciaalew/T_Fine_Road_viciaalew_1K_N.uexp" 887
"D:/FIAP/TJDR/Content/Megascans/Surfaces/Fine_Road_viciaalew/T_Fine_Road_viciaalew_1K_N.ubulk" 888
"D:/FIAP/TJDR/Content/Megascans/Surfaces/Fine_Road_viciaalew/T_FineRoad_viciaalew_1K_ORDp.uasset" 889
"D:/FIAP/TJDR/Content/Megascans/Surfaces/Fine_Road_viciaalew/T_FineRoad_viciaalew_1K_ORDp.uexp" 890
"D:/FIAP/TJDR/Content/Megascans/Surfaces/Fine_Road_viciaalew/T_FineRoad_viciaalew_1K_ORDp.ubulk" 891
"D:/FIAP/TJDR/Content/Megascans/Surfaces/Fine_Road_viciaalew/RoadMat.uasset" 892
"D:/FIAP/TJDR/Content/Megascans/Surfaces/Fine_Road_viciaalew/RoadMat.uexp" 893
"D:/FIAP/TJDR/Content/Tools/Speline/RoadMat_Inst.uasset" 894
"D:/FIAP/TJDR/Content/Tools/Speline/RoadMat_Inst.uexp" 895
"D:/FIAP/TJDR/Content/Tools/Speline/RoadTool.uasset" 896
"D:/FIAP/TJDR/Content/Tools/Speline/RoadTool.uexp" 897
"D:/FIAP/TJDR/Content/ThirdPersonBP/Maps/ThirdPersonExampleMap_BuiltData.uasset" 898
"D:/FIAP/TJDR/Content/ThirdPersonBP/Maps/ThirdPersonExampleMap_BuiltData.uexp" 899
"D:/FIAP/TJDR/Content/ThirdPersonBP/Maps/ThirdPersonExampleMap_BuiltData.ubulk" 900
"D:/FIAP/TJDR/Content/Megascans/Surfaces/Gravel_Road_vddobbx/T_Gravel_Road_vddobbx_1K_D.uasset" 901
"D:/FIAP/TJDR/Content/Megascans/Surfaces/Gravel_Road_vddobbx/T_Gravel_Road_vddobbx_1K_D.uexp" 902
"D:/FIAP/TJDR/Content/Megascans/Surfaces/Gravel_Road_vddobbx/T_Gravel_Road_vddobbx_1K_D.ubulk" 903
"D:/FIAP/TJDR/Content/Megascans/Surfaces/Gravel_Road_vddobbx/T_Gravel_Road_vddobbx_1K_N.uasset" 904
"D:/FIAP/TJDR/Content/Megascans/Surfaces/Gravel_Road_vddobbx/T_Gravel_Road_vddobbx_1K_N.uexp" 905
"D:/FIAP/TJDR/Content/Megascans/Surfaces/Gravel_Road_vddobbx/T_Gravel_Road_vddobbx_1K_N.ubulk" 906
"D:/FIAP/TJDR/Content/Megascans/Surfaces/Gravel_Road_vddobbx/T_GravelRoad_vddobbx_1K_ORDp.uasset" 907
"D:/FIAP/TJDR/Content/Megascans/Surfaces/Gravel_Road_vddobbx/T_GravelRoad_vddobbx_1K_ORDp.uexp" 908
"D:/FIAP/TJDR/Content/Megascans/Surfaces/Gravel_Road_vddobbx/T_GravelRoad_vddobbx_1K_ORDp.ubulk" 909
"D:/FIAP/TJDR/Content/Tools/Speline/RoadMat_Inst1.uasset" 910
"D:/FIAP/TJDR/Content/Tools/Speline/RoadMat_Inst1.uexp" 911
"D:/FIAP/TJDR/Content/StarterContent/Textures/T_Water_N.uasset" 912
"D:/FIAP/TJDR/Content/StarterContent/Textures/T_Water_N.uexp" 913
"D:/FIAP/TJDR/Content/StarterContent/Textures/T_Water_N.ubulk" 914
"D:/FIAP/TJDR/Content/Tools/Speline/Tiver.uasset" 915
"D:/FIAP/TJDR/Content/Tools/Speline/Tiver.uexp" 916
"D:/FIAP/TJDR/Content/Tools/Speline/Tiver_Inst.uasset" 917
"D:/FIAP/TJDR/Content/Tools/Speline/Tiver_Inst.uexp" 918
"D:/FIAP/TJDR/Content/Tools/Speline/pipe.uasset" 919
"D:/FIAP/TJDR/Content/Tools/Speline/pipe.uexp" 920
"D:/FIAP/TJDR/Content/Tools/Speline/pipe.ubulk" 921
"D:/FIAP/TJDR/Content/Tools/Speline/road.uasset" 922
"D:/FIAP/TJDR/Content/Tools/Speline/road.uexp" 923
"D:/FIAP/TJDR/Content/Tools/Speline/road.ubulk" 924
"D:/FIAP/TJDR/Content/ThirdPerson/Meshes/RampMaterial.uasset" 925
"D:/FIAP/TJDR/Content/ThirdPerson/Meshes/RampMaterial.uexp" 926
"D:/FIAP/TJDR/Content/ThirdPerson/Meshes/Bump_StaticMesh.uasset" 927
"D:/FIAP/TJDR/Content/ThirdPerson/Meshes/Bump_StaticMesh.uexp" 928
"D:/FIAP/TJDR/Content/ThirdPerson/Meshes/Bump_StaticMesh.ubulk" 929
"D:/FIAP/TJDR/Content/ThirdPerson/Meshes/LeftArm_StaticMesh.uasset" 930
"D:/FIAP/TJDR/Content/ThirdPerson/Meshes/LeftArm_StaticMesh.uexp" 931
"D:/FIAP/TJDR/Content/ThirdPerson/Meshes/LeftArm_StaticMesh.ubulk" 932
"D:/FIAP/TJDR/Content/ThirdPerson/Meshes/Linear_Stair_StaticMesh.uasset" 933
"D:/FIAP/TJDR/Content/ThirdPerson/Meshes/Linear_Stair_StaticMesh.uexp" 934
"D:/FIAP/TJDR/Content/ThirdPerson/Meshes/Linear_Stair_StaticMesh.ubulk" 935
"D:/FIAP/TJDR/Content/ThirdPerson/Meshes/Ramp_StaticMesh.uasset" 936
"D:/FIAP/TJDR/Content/ThirdPerson/Meshes/Ramp_StaticMesh.uexp" 937
"D:/FIAP/TJDR/Content/ThirdPerson/Meshes/Ramp_StaticMesh.ubulk" 938
"D:/FIAP/TJDR/Content/ThirdPerson/Meshes/RightArm_StaticMesh.uasset" 939
"D:/FIAP/TJDR/Content/ThirdPerson/Meshes/RightArm_StaticMesh.uexp" 940
"D:/FIAP/TJDR/Content/ThirdPerson/Meshes/RightArm_StaticMesh.ubulk" 941
"D:/FIAP/TJDR/Content/NewMaterial.uasset" 942
"D:/FIAP/TJDR/Content/NewMaterial.uexp" 943
"D:/FIAP/TJDR/Content/Audio/NewReverbEffect.uasset" 944
"D:/FIAP/TJDR/Content/Audio/NewReverbEffect.uexp" 945
"D:/FIAP/TJDR/Content/Audio/Starter_Music01.uasset" 946
"D:/FIAP/TJDR/Content/Audio/Starter_Music01.uexp" 947
"D:/FIAP/TJDR/Content/Audio/Starter_Music01.ubulk" 948
"D:/FIAP/TJDR/Content/Geometry/Meshes/CubeMaterial.uasset" 949
"D:/FIAP/TJDR/Content/Geometry/Meshes/CubeMaterial.uexp" 950
"D:/FIAP/TJDR/Content/Geometry/Meshes/1M_Cube_Chamfer.uasset" 951
"D:/FIAP/TJDR/Content/Geometry/Meshes/1M_Cube_Chamfer.uexp" 952
"D:/FIAP/TJDR/Content/Geometry/Meshes/1M_Cube_Chamfer.ubulk" 953
"D:/FIAP/TJDR/Content/Geometry/Meshes/1M_Cube.uasset" 954
"D:/FIAP/TJDR/Content/Geometry/Meshes/1M_Cube.uexp" 955
"D:/FIAP/TJDR/Content/Geometry/Meshes/1M_Cube.ubulk" 956
"D:/FIAP/TJDR/Content/Geometry/Meshes/TemplateFloor.uasset" 957
"D:/FIAP/TJDR/Content/Geometry/Meshes/TemplateFloor.uexp" 958
"D:/FIAP/TJDR/Content/Geometry/Meshes/TemplateFloor.ubulk" 959
"D:/FIAP/TJDR/Content/ThirdPersonBP/Maps/ThirdPersonExampleMap.uexp" 960
"D:/FIAP/TJDR/Content/ThirdPersonBP/Maps/ThirdPersonExampleMap.umap" 961
"../../../Engine/Content/Maps/Entry_BuiltData.uasset" 962
"../../../Engine/Content/Maps/Entry_BuiltData.uexp" 963
"../../../Engine/Content/Maps/Entry.uexp" 964
"../../../Engine/Content/Maps/Entry.umap" 965
"D:/FIAP/TJDR/Content/FX/Rent/NewCanvasRenderTarget2D.uasset" 966
"D:/FIAP/TJDR/Content/FX/Rent/NewCanvasRenderTarget2D.uexp" 967
"D:/FIAP/TJDR/Content/FX/Rent/NewMaterial.uasset" 968
"D:/FIAP/TJDR/Content/FX/Rent/NewMaterial.uexp" 969
"../../../Engine/Content/BasicShapes/Plane.uasset" 970
"../../../Engine/Content/BasicShapes/Plane.uexp" 971
"../../../Engine/Content/BasicShapes/Plane.ubulk" 972
"D:/FIAP/TJDR/Content/FX/Rent/RTUpdate.uasset" 973
"D:/FIAP/TJDR/Content/FX/Rent/RTUpdate.uexp" 974
"../../../Engine/Content/MapTemplates/SM_Template_Map_Floor.uasset" 975
"../../../Engine/Content/MapTemplates/SM_Template_Map_Floor.uexp" 976
"../../../Engine/Content/MapTemplates/SM_Template_Map_Floor.ubulk" 977
"D:/FIAP/TJDR/Content/StarterContent/Textures/T_Ground_Gravel_D.uasset" 978
"D:/FIAP/TJDR/Content/StarterContent/Textures/T_Ground_Gravel_D.uexp" 979
"D:/FIAP/TJDR/Content/StarterContent/Textures/T_Ground_Gravel_D.ubulk" 980
"D:/FIAP/TJDR/Content/StarterContent/Textures/T_Perlin_Noise_M.uasset" 981
"D:/FIAP/TJDR/Content/StarterContent/Textures/T_Perlin_Noise_M.uexp" 982
"D:/FIAP/TJDR/Content/StarterContent/Textures/T_Perlin_Noise_M.ubulk" 983
"D:/FIAP/TJDR/Content/StarterContent/Textures/T_Checker_Noise_M.uasset" 984
"D:/FIAP/TJDR/Content/StarterContent/Textures/T_Checker_Noise_M.uexp" 985
"D:/FIAP/TJDR/Content/StarterContent/Textures/T_Checker_Noise_M.ubulk" 986
"D:/FIAP/TJDR/Content/Tools/FloorTool_Mat.uasset" 987
"D:/FIAP/TJDR/Content/Tools/FloorTool_Mat.uexp" 988
"../../../Engine/Content/TemplateResources/M_Template_Master.uasset" 989
"../../../Engine/Content/TemplateResources/M_Template_Master.uexp" 990
"../../../Engine/Content/TemplateResources/MI_Template_BaseGray_02_Metal.uasset" 991
"../../../Engine/Content/TemplateResources/MI_Template_BaseGray_02_Metal.uexp" 992
"../../../Engine/Content/TemplateResources/MI_Template_BaseGray_03_Metal.uasset" 993
"../../../Engine/Content/TemplateResources/MI_Template_BaseGray_03_Metal.uexp" 994
"../../../Engine/Content/EngineMeshes/T_Mat_UnrealTech_01_D.uasset" 995
"../../../Engine/Content/EngineMeshes/T_Mat_UnrealTech_01_D.uexp" 996
"../../../Engine/Content/EngineMeshes/T_Mat_UnrealTech_01_D.ubulk" 997
"../../../Engine/Content/EngineMeshes/M_Mat_UnrealTech.uasset" 998
"../../../Engine/Content/EngineMeshes/M_Mat_UnrealTech.uexp" 999
"../../../Engine/Content/EngineMeshes/SM_MatPreviewMesh_01.uasset" 1000
"../../../Engine/Content/EngineMeshes/SM_MatPreviewMesh_01.uexp" 1001
"../../../Engine/Content/EngineMeshes/SM_MatPreviewMesh_01.ubulk" 1002
"D:/FIAP/TJDR/Content/Tools/Rectangle_7FEED2BF.uasset" 1003
"D:/FIAP/TJDR/Content/Tools/Rectangle_7FEED2BF.uexp" 1004
"D:/FIAP/TJDR/Content/Tools/Rectangle_7FEED2BF.ubulk" 1005
"D:/FIAP/TJDR/Content/StarterContent/Materials/M_Basic_Wall.uasset" 1006
"D:/FIAP/TJDR/Content/StarterContent/Materials/M_Basic_Wall.uexp" 1007
"D:/FIAP/TJDR/Content/Tools/Rectangle_66BFCFE1.uasset" 1008
"D:/FIAP/TJDR/Content/Tools/Rectangle_66BFCFE1.uexp" 1009
"D:/FIAP/TJDR/Content/Tools/Rectangle_66BFCFE1.ubulk" 1010
"D:/FIAP/TJDR/Content/Tools/RoomTool.uasset" 1011
"D:/FIAP/TJDR/Content/Tools/RoomTool.uexp" 1012
